[[36m2025-01-29 11:09:12[0m][[94mGalLoP[0m][[32mINFO[0m] - Setting the seed to 1[0m
[[36m2025-01-29 11:09:12[0m][[94mGalLoP[0m][[32mINFO[0m] - Running experiment imagenet_shot_16[0m
[[36m2025-01-29 11:09:15[0m][[94mGalLoP[0m][[32mINFO[0m] - Using template: A photo of a <class_name>[0m
[[36m2025-01-29 11:09:22[0m][[94mGalLoP[0m][[33mWARNING[0m] - Missing keys in CLIP: ['global_prompt', 'local_prompts', 'local_proj.linear.weight'][0m
[[36m2025-01-29 11:09:22[0m][[94mGalLoP[0m][[32mINFO[0m] - global_prompt added to params_group[0m
[[36m2025-01-29 11:09:22[0m][[94mGalLoP[0m][[32mINFO[0m] - local_prompts added to params_group[0m
[[36m2025-01-29 11:09:22[0m][[94mGalLoP[0m][[32mINFO[0m] - local_proj.linear.weight added to params_group[0m
[[36m2025-01-29 11:14:05[0m][[94mGalLoP[0m][[32mINFO[0m] -  * loss: 3.890 top1: 60.594 top1_global: 61.075 top1_local: 49.594[0m
[[36m2025-01-29 11:18:48[0m][[94mGalLoP[0m][[32mINFO[0m] -  * loss: 3.489 top1: 62.681 top1_global: 61.663 top1_local: 55.875[0m
[[36m2025-01-29 11:23:30[0m][[94mGalLoP[0m][[32mINFO[0m] -  * loss: 3.403 top1: 63.156 top1_global: 61.719 top1_local: 57.325[0m
[[36m2025-01-29 11:28:12[0m][[94mGalLoP[0m][[32mINFO[0m] -  * loss: 3.281 top1: 64.338 top1_global: 62.325 top1_local: 59.431[0m
[[36m2025-01-29 11:32:55[0m][[94mGalLoP[0m][[32mINFO[0m] -  * loss: 3.242 top1: 64.588 top1_global: 62.281 top1_local: 60.156[0m
[[36m2025-01-29 11:37:37[0m][[94mGalLoP[0m][[32mINFO[0m] -  * loss: 3.211 top1: 65.225 top1_global: 62.013 top1_local: 61.244[0m
[[36m2025-01-29 11:42:19[0m][[94mGalLoP[0m][[32mINFO[0m] -  * loss: 3.152 top1: 65.731 top1_global: 62.300 top1_local: 62.244[0m
[[36m2025-01-29 11:47:01[0m][[94mGalLoP[0m][[32mINFO[0m] -  * loss: 3.109 top1: 65.994 top1_global: 62.606 top1_local: 62.888[0m
[[36m2025-01-29 11:51:44[0m][[94mGalLoP[0m][[32mINFO[0m] -  * loss: 3.072 top1: 66.188 top1_global: 62.844 top1_local: 63.231[0m
[[36m2025-01-29 11:56:26[0m][[94mGalLoP[0m][[32mINFO[0m] -  * loss: 3.038 top1: 66.619 top1_global: 62.681 top1_local: 64.006[0m
[[36m2025-01-29 12:01:08[0m][[94mGalLoP[0m][[32mINFO[0m] -  * loss: 2.996 top1: 67.569 top1_global: 62.875 top1_local: 64.862[0m
[[36m2025-01-29 12:01:08[0m][[94mGalLoP[0m][[32mINFO[0m] - Evaluation[0m
[[36m2025-01-29 12:02:01[0m][[94mGalLoP[0m][[32mINFO[0m] - Evaluation metrics:  * top1: 73.747 top1_global: 71.318 top1_local: 69.029[0m
[[36m2025-01-29 12:05:30[0m][[94mGalLoP[0m][[32mINFO[0m] - OOD Evaluation metrics with temperature scale 1.0 (FPR95 / AUROC): [0m
[[36m2025-01-29 12:05:30[0m][[94mGalLoP[0m][[32mINFO[0m] - *** =============[0m
[[36m2025-01-29 12:05:30[0m][[94mGalLoP[0m][[32mINFO[0m] - *           Ninco          SSB-Hard       iNaturalist               SUN            Places          Textures         OpenImage           Average[0m
[[36m2025-01-29 12:05:30[0m][[94mGalLoP[0m][[32mINFO[0m] - *   72.780 / 72.784&  84.110 / 67.658&  17.800 / 96.235&  22.590 / 94.846&  31.010 / 91.700&  42.535 / 88.892&  31.188 / 93.009&   43.145 / 86.446[0m
[[36m2025-01-29 12:10:12[0m][[94mGalLoP[0m][[32mINFO[0m] -  * loss: 2.919 top1: 68.263 top1_global: 63.700 top1_local: 65.894[0m
[[36m2025-01-29 12:14:54[0m][[94mGalLoP[0m][[32mINFO[0m] -  * loss: 2.977 top1: 67.375 top1_global: 62.881 top1_local: 65.431[0m
[[36m2025-01-29 12:19:36[0m][[94mGalLoP[0m][[32mINFO[0m] -  * loss: 2.917 top1: 68.069 top1_global: 62.663 top1_local: 66.656[0m
[[36m2025-01-29 12:24:18[0m][[94mGalLoP[0m][[32mINFO[0m] -  * loss: 2.885 top1: 68.600 top1_global: 63.388 top1_local: 66.906[0m
[[36m2025-01-29 12:29:00[0m][[94mGalLoP[0m][[32mINFO[0m] -  * loss: 2.916 top1: 68.612 top1_global: 63.131 top1_local: 66.931[0m
[[36m2025-01-29 12:33:42[0m][[94mGalLoP[0m][[32mINFO[0m] -  * loss: 2.841 top1: 69.250 top1_global: 63.669 top1_local: 67.987[0m
[[36m2025-01-29 12:38:24[0m][[94mGalLoP[0m][[32mINFO[0m] -  * loss: 2.808 top1: 69.525 top1_global: 63.494 top1_local: 68.269[0m
[[36m2025-01-29 12:43:06[0m][[94mGalLoP[0m][[32mINFO[0m] -  * loss: 2.879 top1: 69.056 top1_global: 62.719 top1_local: 67.600[0m
[[36m2025-01-29 12:47:48[0m][[94mGalLoP[0m][[32mINFO[0m] -  * loss: 2.831 top1: 69.487 top1_global: 62.944 top1_local: 69.044[0m
[[36m2025-01-29 12:52:30[0m][[94mGalLoP[0m][[32mINFO[0m] -  * loss: 2.817 top1: 69.681 top1_global: 63.400 top1_local: 69.031[0m
[[36m2025-01-29 12:52:30[0m][[94mGalLoP[0m][[32mINFO[0m] - Evaluation[0m
[[36m2025-01-29 12:53:20[0m][[94mGalLoP[0m][[32mINFO[0m] - Evaluation metrics:  * top1: 74.571 top1_global: 71.640 top1_local: 69.716[0m
[[36m2025-01-29 12:56:46[0m][[94mGalLoP[0m][[32mINFO[0m] - OOD Evaluation metrics with temperature scale 1.0 (FPR95 / AUROC): [0m
[[36m2025-01-29 12:56:46[0m][[94mGalLoP[0m][[32mINFO[0m] - *** =============[0m
[[36m2025-01-29 12:56:46[0m][[94mGalLoP[0m][[32mINFO[0m] - *           Ninco          SSB-Hard       iNaturalist               SUN            Places          Textures         OpenImage           Average[0m
[[36m2025-01-29 12:56:46[0m][[94mGalLoP[0m][[32mINFO[0m] - *   73.086 / 74.312&  83.814 / 67.721&  20.120 / 95.876&  24.740 / 94.134&  32.640 / 91.279&  39.805 / 89.597&  32.146 / 92.801&   43.764 / 86.532[0m
[[36m2025-01-29 13:01:28[0m][[94mGalLoP[0m][[32mINFO[0m] -  * loss: 2.801 top1: 70.075 top1_global: 63.219 top1_local: 69.656[0m
[[36m2025-01-29 13:06:10[0m][[94mGalLoP[0m][[32mINFO[0m] -  * loss: 2.778 top1: 70.062 top1_global: 63.244 top1_local: 69.688[0m
[[36m2025-01-29 13:10:52[0m][[94mGalLoP[0m][[32mINFO[0m] -  * loss: 2.767 top1: 70.463 top1_global: 63.550 top1_local: 70.194[0m
[[36m2025-01-29 13:15:34[0m][[94mGalLoP[0m][[32mINFO[0m] -  * loss: 2.728 top1: 71.206 top1_global: 63.544 top1_local: 70.950[0m
[[36m2025-01-29 13:20:17[0m][[94mGalLoP[0m][[32mINFO[0m] -  * loss: 2.692 top1: 71.331 top1_global: 64.019 top1_local: 71.581[0m
[[36m2025-01-29 13:24:59[0m][[94mGalLoP[0m][[32mINFO[0m] -  * loss: 2.705 top1: 71.419 top1_global: 63.487 top1_local: 71.506[0m
[[36m2025-01-29 13:29:41[0m][[94mGalLoP[0m][[32mINFO[0m] -  * loss: 2.716 top1: 70.700 top1_global: 63.094 top1_local: 71.312[0m
[[36m2025-01-29 13:34:23[0m][[94mGalLoP[0m][[32mINFO[0m] -  * loss: 2.663 top1: 71.438 top1_global: 63.375 top1_local: 72.131[0m
[[36m2025-01-29 13:39:05[0m][[94mGalLoP[0m][[32mINFO[0m] -  * loss: 2.675 top1: 71.556 top1_global: 63.756 top1_local: 72.150[0m
[[36m2025-01-29 13:43:47[0m][[94mGalLoP[0m][[32mINFO[0m] -  * loss: 2.608 top1: 72.150 top1_global: 64.050 top1_local: 72.994[0m
[[36m2025-01-29 13:43:47[0m][[94mGalLoP[0m][[32mINFO[0m] - Evaluation[0m
[[36m2025-01-29 13:44:37[0m][[94mGalLoP[0m][[32mINFO[0m] - Evaluation metrics:  * top1: 74.931 top1_global: 71.811 top1_local: 70.318[0m
[[36m2025-01-29 13:48:05[0m][[94mGalLoP[0m][[32mINFO[0m] - OOD Evaluation metrics with temperature scale 1.0 (FPR95 / AUROC): [0m
[[36m2025-01-29 13:48:05[0m][[94mGalLoP[0m][[32mINFO[0m] - *** =============[0m
[[36m2025-01-29 13:48:05[0m][[94mGalLoP[0m][[32mINFO[0m] - *           Ninco          SSB-Hard       iNaturalist               SUN            Places          Textures         OpenImage           Average[0m
[[36m2025-01-29 13:48:05[0m][[94mGalLoP[0m][[32mINFO[0m] - *   72.423 / 75.075&  83.549 / 67.891&  15.570 / 96.769&  25.260 / 94.111&  33.040 / 91.391&  37.234 / 90.236&  29.946 / 93.456&   42.432 / 86.990[0m
[[36m2025-01-29 13:52:47[0m][[94mGalLoP[0m][[32mINFO[0m] -  * loss: 2.610 top1: 72.244 top1_global: 63.725 top1_local: 73.244[0m
[[36m2025-01-29 13:57:30[0m][[94mGalLoP[0m][[32mINFO[0m] -  * loss: 2.615 top1: 72.250 top1_global: 63.925 top1_local: 73.306[0m
[[36m2025-01-29 14:02:12[0m][[94mGalLoP[0m][[32mINFO[0m] -  * loss: 2.588 top1: 72.912 top1_global: 64.175 top1_local: 73.744[0m
[[36m2025-01-29 14:06:55[0m][[94mGalLoP[0m][[32mINFO[0m] -  * loss: 2.585 top1: 72.831 top1_global: 63.625 top1_local: 74.069[0m
[[36m2025-01-29 14:11:38[0m][[94mGalLoP[0m][[32mINFO[0m] -  * loss: 2.605 top1: 72.888 top1_global: 64.144 top1_local: 74.194[0m
[[36m2025-01-29 14:16:22[0m][[94mGalLoP[0m][[32mINFO[0m] -  * loss: 2.600 top1: 72.600 top1_global: 63.475 top1_local: 73.719[0m
[[36m2025-01-29 14:21:07[0m][[94mGalLoP[0m][[32mINFO[0m] -  * loss: 2.545 top1: 73.019 top1_global: 64.312 top1_local: 74.806[0m
[[36m2025-01-29 14:25:49[0m][[94mGalLoP[0m][[32mINFO[0m] -  * loss: 2.563 top1: 72.756 top1_global: 63.825 top1_local: 74.744[0m
[[36m2025-01-29 14:30:32[0m][[94mGalLoP[0m][[32mINFO[0m] -  * loss: 2.535 top1: 73.319 top1_global: 64.144 top1_local: 74.838[0m
[[36m2025-01-29 14:35:14[0m][[94mGalLoP[0m][[32mINFO[0m] -  * loss: 2.533 top1: 73.456 top1_global: 64.231 top1_local: 75.269[0m
[[36m2025-01-29 14:35:14[0m][[94mGalLoP[0m][[32mINFO[0m] - Evaluation[0m
[[36m2025-01-29 14:36:04[0m][[94mGalLoP[0m][[32mINFO[0m] - Evaluation metrics:  * top1: 75.169 top1_global: 71.938 top1_local: 70.869[0m
[[36m2025-01-29 14:39:32[0m][[94mGalLoP[0m][[32mINFO[0m] - OOD Evaluation metrics with temperature scale 1.0 (FPR95 / AUROC): [0m
[[36m2025-01-29 14:39:32[0m][[94mGalLoP[0m][[32mINFO[0m] - *** =============[0m
[[36m2025-01-29 14:39:32[0m][[94mGalLoP[0m][[32mINFO[0m] - *           Ninco          SSB-Hard       iNaturalist               SUN            Places          Textures         OpenImage           Average[0m
[[36m2025-01-29 14:39:32[0m][[94mGalLoP[0m][[32mINFO[0m] - *   72.235 / 75.450&  83.806 / 67.648&  17.060 / 96.522&  25.170 / 93.996&  32.930 / 91.256&  40.053 / 89.843&  31.227 / 93.205&   43.212 / 86.846[0m
[[36m2025-01-29 14:44:14[0m][[94mGalLoP[0m][[32mINFO[0m] -  * loss: 2.542 top1: 73.181 top1_global: 63.950 top1_local: 75.325[0m
[[36m2025-01-29 14:48:56[0m][[94mGalLoP[0m][[32mINFO[0m] -  * loss: 2.555 top1: 73.556 top1_global: 63.737 top1_local: 75.256[0m
[[36m2025-01-29 14:53:38[0m][[94mGalLoP[0m][[32mINFO[0m] -  * loss: 2.495 top1: 73.425 top1_global: 64.256 top1_local: 75.800[0m
[[36m2025-01-29 14:58:20[0m][[94mGalLoP[0m][[32mINFO[0m] -  * loss: 2.525 top1: 73.550 top1_global: 64.475 top1_local: 75.681[0m
[[36m2025-01-29 15:03:03[0m][[94mGalLoP[0m][[32mINFO[0m] -  * loss: 2.490 top1: 73.850 top1_global: 64.269 top1_local: 76.013[0m
[[36m2025-01-29 15:07:45[0m][[94mGalLoP[0m][[32mINFO[0m] -  * loss: 2.514 top1: 73.706 top1_global: 64.200 top1_local: 75.831[0m
[[36m2025-01-29 15:12:27[0m][[94mGalLoP[0m][[32mINFO[0m] -  * loss: 2.503 top1: 73.612 top1_global: 64.144 top1_local: 75.775[0m
[[36m2025-01-29 15:17:09[0m][[94mGalLoP[0m][[32mINFO[0m] -  * loss: 2.543 top1: 73.300 top1_global: 63.606 top1_local: 75.856[0m
[[36m2025-01-29 15:21:51[0m][[94mGalLoP[0m][[32mINFO[0m] -  * loss: 2.512 top1: 73.769 top1_global: 64.125 top1_local: 76.019[0m
[[36m2025-01-29 15:21:51[0m][[94mGalLoP[0m][[32mINFO[0m] - Evaluation[0m
[[36m2025-01-29 15:22:47[0m][[94mGalLoP[0m][[32mINFO[0m] - Evaluation metrics:  * top1: 75.316 top1_global: 71.898 top1_local: 71.049[0m
