[[36m2025-01-20 11:37:34[0m][[94mGalLoP[0m][[32mINFO[0m] - Setting the seed to 1[0m
[[36m2025-01-20 11:37:34[0m][[94mGalLoP[0m][[32mINFO[0m] - Running experiment imagenet_shot_16[0m
[[36m2025-01-20 11:37:37[0m][[94mGalLoP[0m][[32mINFO[0m] - Using template: A photo of a <class_name>[0m
[[36m2025-01-20 11:37:42[0m][[94mGalLoP[0m][[33mWARNING[0m] - Missing keys in CLIP: ['global_prompt', 'local_prompts', 'local_proj.linear.weight'][0m
[[36m2025-01-20 11:37:42[0m][[94mGalLoP[0m][[32mINFO[0m] - global_prompt added to params_group[0m
[[36m2025-01-20 11:37:42[0m][[94mGalLoP[0m][[32mINFO[0m] - local_prompts added to params_group[0m
[[36m2025-01-20 11:37:42[0m][[94mGalLoP[0m][[32mINFO[0m] - local_proj.linear.weight added to params_group[0m
[[36m2025-01-20 11:42:21[0m][[94mGalLoP[0m][[32mINFO[0m] -  * loss: 4.036 top1: 59.375 top1_global: 61.075 top1_local: 47.163[0m
[[36m2025-01-20 11:47:01[0m][[94mGalLoP[0m][[32mINFO[0m] -  * loss: 3.508 top1: 61.800 top1_global: 61.663 top1_local: 54.025[0m
[[36m2025-01-20 11:51:41[0m][[94mGalLoP[0m][[32mINFO[0m] -  * loss: 3.404 top1: 62.475 top1_global: 61.719 top1_local: 56.062[0m
[[36m2025-01-20 11:56:21[0m][[94mGalLoP[0m][[32mINFO[0m] -  * loss: 3.281 top1: 63.600 top1_global: 62.325 top1_local: 58.219[0m
[[36m2025-01-20 12:01:00[0m][[94mGalLoP[0m][[32mINFO[0m] -  * loss: 3.237 top1: 63.913 top1_global: 62.281 top1_local: 58.862[0m
[[36m2025-01-20 12:05:40[0m][[94mGalLoP[0m][[32mINFO[0m] -  * loss: 3.204 top1: 64.412 top1_global: 62.013 top1_local: 60.062[0m
[[36m2025-01-20 12:10:20[0m][[94mGalLoP[0m][[32mINFO[0m] -  * loss: 3.142 top1: 65.325 top1_global: 62.300 top1_local: 61.288[0m
[[36m2025-01-20 12:14:59[0m][[94mGalLoP[0m][[32mINFO[0m] -  * loss: 3.101 top1: 65.369 top1_global: 62.606 top1_local: 61.725[0m
[[36m2025-01-20 12:19:39[0m][[94mGalLoP[0m][[32mINFO[0m] -  * loss: 3.061 top1: 65.694 top1_global: 62.844 top1_local: 61.962[0m
[[36m2025-01-20 12:24:19[0m][[94mGalLoP[0m][[32mINFO[0m] -  * loss: 3.030 top1: 66.213 top1_global: 62.681 top1_local: 62.644[0m
[[36m2025-01-20 12:28:58[0m][[94mGalLoP[0m][[32mINFO[0m] -  * loss: 2.988 top1: 66.950 top1_global: 62.875 top1_local: 64.106[0m
[[36m2025-01-20 12:28:58[0m][[94mGalLoP[0m][[32mINFO[0m] - Evaluation[0m
[[36m2025-01-20 12:29:55[0m][[94mGalLoP[0m][[32mINFO[0m] - Evaluation metrics:  * top1: 73.376 top1_global: 71.318 top1_local: 68.364[0m
[[36m2025-01-20 12:34:34[0m][[94mGalLoP[0m][[32mINFO[0m] -  * loss: 2.987 top1: 66.737 top1_global: 62.625 top1_local: 63.681[0m
[[36m2025-01-20 12:39:14[0m][[94mGalLoP[0m][[32mINFO[0m] -  * loss: 2.979 top1: 66.869 top1_global: 62.694 top1_local: 64.681[0m
[[36m2025-01-20 12:43:54[0m][[94mGalLoP[0m][[32mINFO[0m] -  * loss: 2.924 top1: 67.562 top1_global: 63.062 top1_local: 65.062[0m
[[36m2025-01-20 12:48:34[0m][[94mGalLoP[0m][[32mINFO[0m] -  * loss: 2.913 top1: 67.944 top1_global: 62.944 top1_local: 65.987[0m
[[36m2025-01-20 12:53:13[0m][[94mGalLoP[0m][[32mINFO[0m] -  * loss: 2.821 top1: 68.838 top1_global: 64.062 top1_local: 66.794[0m
[[36m2025-01-20 12:57:53[0m][[94mGalLoP[0m][[32mINFO[0m] -  * loss: 2.882 top1: 67.950 top1_global: 62.956 top1_local: 66.412[0m
[[36m2025-01-20 13:02:33[0m][[94mGalLoP[0m][[32mINFO[0m] -  * loss: 2.825 top1: 68.775 top1_global: 62.756 top1_local: 67.338[0m
[[36m2025-01-20 13:07:13[0m][[94mGalLoP[0m][[32mINFO[0m] -  * loss: 2.790 top1: 69.537 top1_global: 63.656 top1_local: 67.744[0m
[[36m2025-01-20 13:15:17[0m][[94mGalLoP[0m][[32mINFO[0m] -  * loss: 2.832 top1: 68.831 top1_global: 63.312 top1_local: 67.619[0m
[[36m2025-01-20 13:21:07[0m][[94mGalLoP[0m][[32mINFO[0m] -  * loss: 2.764 top1: 69.856 top1_global: 63.769 top1_local: 68.162[0m
[[36m2025-01-20 13:21:07[0m][[94mGalLoP[0m][[32mINFO[0m] - Evaluation[0m
[[36m2025-01-20 13:21:57[0m][[94mGalLoP[0m][[32mINFO[0m] - Evaluation metrics:  * top1: 74.178 top1_global: 71.613 top1_local: 69.098[0m
[[36m2025-01-20 13:27:22[0m][[94mGalLoP[0m][[32mINFO[0m] -  * loss: 2.780 top1: 69.631 top1_global: 63.425 top1_local: 68.531[0m
[[36m2025-01-20 13:32:02[0m][[94mGalLoP[0m][[32mINFO[0m] -  * loss: 2.746 top1: 69.919 top1_global: 63.438 top1_local: 68.969[0m
[[36m2025-01-20 13:36:41[0m][[94mGalLoP[0m][[32mINFO[0m] -  * loss: 2.759 top1: 70.244 top1_global: 63.312 top1_local: 69.281[0m
[[36m2025-01-20 13:41:21[0m][[94mGalLoP[0m][[32mINFO[0m] -  * loss: 2.747 top1: 70.075 top1_global: 63.225 top1_local: 69.338[0m
[[36m2025-01-20 13:46:01[0m][[94mGalLoP[0m][[32mINFO[0m] -  * loss: 2.750 top1: 70.250 top1_global: 63.513 top1_local: 69.263[0m
[[36m2025-01-20 13:50:41[0m][[94mGalLoP[0m][[32mINFO[0m] -  * loss: 2.690 top1: 70.881 top1_global: 63.900 top1_local: 70.469[0m
[[36m2025-01-20 13:55:20[0m][[94mGalLoP[0m][[32mINFO[0m] -  * loss: 2.694 top1: 70.894 top1_global: 63.425 top1_local: 70.344[0m
[[36m2025-01-20 14:00:00[0m][[94mGalLoP[0m][[32mINFO[0m] -  * loss: 2.673 top1: 70.994 top1_global: 63.688 top1_local: 70.919[0m
[[36m2025-01-20 14:04:40[0m][[94mGalLoP[0m][[32mINFO[0m] -  * loss: 2.689 top1: 70.769 top1_global: 63.612 top1_local: 70.800[0m
[[36m2025-01-20 14:09:20[0m][[94mGalLoP[0m][[32mINFO[0m] -  * loss: 2.667 top1: 71.100 top1_global: 63.712 top1_local: 71.094[0m
[[36m2025-01-20 14:09:20[0m][[94mGalLoP[0m][[32mINFO[0m] - Evaluation[0m
[[36m2025-01-20 14:10:09[0m][[94mGalLoP[0m][[32mINFO[0m] - Evaluation metrics:  * top1: 74.511 top1_global: 71.796 top1_local: 70.076[0m
[[36m2025-01-20 14:14:49[0m][[94mGalLoP[0m][[32mINFO[0m] -  * loss: 2.649 top1: 71.525 top1_global: 63.913 top1_local: 71.606[0m
[[36m2025-01-20 14:19:29[0m][[94mGalLoP[0m][[32mINFO[0m] -  * loss: 2.652 top1: 71.450 top1_global: 63.450 top1_local: 71.487[0m
[[36m2025-01-20 14:24:09[0m][[94mGalLoP[0m][[32mINFO[0m] -  * loss: 2.610 top1: 71.638 top1_global: 64.000 top1_local: 71.831[0m
[[36m2025-01-20 14:28:48[0m][[94mGalLoP[0m][[32mINFO[0m] -  * loss: 2.606 top1: 71.550 top1_global: 64.094 top1_local: 72.281[0m
[[36m2025-01-20 14:33:28[0m][[94mGalLoP[0m][[32mINFO[0m] -  * loss: 2.635 top1: 71.644 top1_global: 63.806 top1_local: 71.881[0m
[[36m2025-01-20 14:38:08[0m][[94mGalLoP[0m][[32mINFO[0m] -  * loss: 2.598 top1: 72.062 top1_global: 64.213 top1_local: 72.925[0m
[[36m2025-01-20 14:42:48[0m][[94mGalLoP[0m][[32mINFO[0m] -  * loss: 2.584 top1: 72.513 top1_global: 64.400 top1_local: 73.306[0m
[[36m2025-01-20 14:47:28[0m][[94mGalLoP[0m][[32mINFO[0m] -  * loss: 2.589 top1: 72.575 top1_global: 64.025 top1_local: 73.275[0m
[[36m2025-01-20 14:52:08[0m][[94mGalLoP[0m][[32mINFO[0m] -  * loss: 2.560 top1: 72.694 top1_global: 64.362 top1_local: 73.781[0m
[[36m2025-01-20 14:56:48[0m][[94mGalLoP[0m][[32mINFO[0m] -  * loss: 2.597 top1: 72.144 top1_global: 63.681 top1_local: 73.062[0m
[[36m2025-01-20 14:56:48[0m][[94mGalLoP[0m][[32mINFO[0m] - Evaluation[0m
[[36m2025-01-20 14:57:38[0m][[94mGalLoP[0m][[32mINFO[0m] - Evaluation metrics:  * top1: 74.869 top1_global: 72.027 top1_local: 70.678[0m
[[36m2025-01-20 15:02:18[0m][[94mGalLoP[0m][[32mINFO[0m] -  * loss: 2.519 top1: 72.912 top1_global: 64.800 top1_local: 74.031[0m
[[36m2025-01-20 15:06:58[0m][[94mGalLoP[0m][[32mINFO[0m] -  * loss: 2.546 top1: 72.312 top1_global: 64.175 top1_local: 73.713[0m
[[36m2025-01-20 15:11:38[0m][[94mGalLoP[0m][[32mINFO[0m] -  * loss: 2.542 top1: 72.544 top1_global: 64.175 top1_local: 74.013[0m
[[36m2025-01-20 15:16:17[0m][[94mGalLoP[0m][[32mINFO[0m] -  * loss: 2.507 top1: 73.088 top1_global: 64.906 top1_local: 74.281[0m
[[36m2025-01-20 15:20:58[0m][[94mGalLoP[0m][[32mINFO[0m] -  * loss: 2.543 top1: 72.737 top1_global: 63.862 top1_local: 73.994[0m
[[36m2025-01-20 15:25:37[0m][[94mGalLoP[0m][[32mINFO[0m] -  * loss: 2.518 top1: 72.700 top1_global: 64.531 top1_local: 74.200[0m
[[36m2025-01-20 15:30:17[0m][[94mGalLoP[0m][[32mINFO[0m] -  * loss: 2.524 top1: 72.831 top1_global: 64.400 top1_local: 74.219[0m
[[36m2025-01-20 15:38:00[0m][[94mGalLoP[0m][[32mINFO[0m] -  * loss: 2.552 top1: 72.713 top1_global: 64.362 top1_local: 73.737[0m
[[36m2025-01-20 15:44:16[0m][[94mGalLoP[0m][[32mINFO[0m] -  * loss: 2.437 top1: 73.225 top1_global: 64.781 top1_local: 75.162[0m
[[36m2025-01-20 15:44:16[0m][[94mGalLoP[0m][[32mINFO[0m] - Evaluation[0m
[[36m2025-01-20 15:45:12[0m][[94mGalLoP[0m][[32mINFO[0m] - Evaluation metrics:  * top1: 74.929 top1_global: 72.096 top1_local: 70.776[0m
[[36m2025-01-20 15:47:57[0m][[94mGalLoP[0m][[32mINFO[0m] - OOD Evaluation metrics with temperature scale 1.0 (FPR95 / AUROC): [0m
[[36m2025-01-20 15:47:57[0m][[94mGalLoP[0m][[32mINFO[0m] - *** =============[0m
[[36m2025-01-20 15:47:57[0m][[94mGalLoP[0m][[32mINFO[0m] - *           Ninco          SSB-Hard       iNaturalist               SUN            Places          Textures         OpenImage           Average[0m
[[36m2025-01-20 15:47:57[0m][[94mGalLoP[0m][[32mINFO[0m] - *   69.105 / 78.246&  81.776 / 70.322&  12.560 / 97.442&  23.570 / 94.454&  31.510 / 91.859&  38.564 / 90.322&  27.711 / 94.123&   40.685 / 88.110[0m
