[[36m2025-01-25 11:45:47[0m][[94mGalLoP[0m][[32mINFO[0m] - Setting the seed to 1[0m
[[36m2025-01-25 11:45:47[0m][[94mGalLoP[0m][[32mINFO[0m] - Running experiment imagenet_shot_16[0m
[[36m2025-01-25 11:45:50[0m][[94mGalLoP[0m][[32mINFO[0m] - Using template: A photo of a <class_name>[0m
[[36m2025-01-25 11:45:57[0m][[94mGalLoP[0m][[33mWARNING[0m] - Missing keys in CLIP: ['global_prompt', 'local_prompts', 'local_proj.linear.weight'][0m
[[36m2025-01-25 11:45:57[0m][[94mGalLoP[0m][[32mINFO[0m] - global_prompt added to params_group[0m
[[36m2025-01-25 11:45:57[0m][[94mGalLoP[0m][[32mINFO[0m] - local_prompts added to params_group[0m
[[36m2025-01-25 11:45:57[0m][[94mGalLoP[0m][[32mINFO[0m] - local_proj.linear.weight added to params_group[0m
[[36m2025-01-25 11:50:37[0m][[94mGalLoP[0m][[32mINFO[0m] -  * loss: 4.474 top1: 59.019 top1_global: 60.962 top1_local: 43.494[0m
[[36m2025-01-25 11:55:15[0m][[94mGalLoP[0m][[32mINFO[0m] -  * loss: 3.967 top1: 60.538 top1_global: 61.763 top1_local: 48.894[0m
[[36m2025-01-25 11:59:58[0m][[94mGalLoP[0m][[32mINFO[0m] -  * loss: 3.855 top1: 61.281 top1_global: 61.712 top1_local: 50.625[0m
[[36m2025-01-25 12:04:51[0m][[94mGalLoP[0m][[32mINFO[0m] -  * loss: 3.757 top1: 62.100 top1_global: 62.300 top1_local: 52.200[0m
[[36m2025-01-25 12:11:40[0m][[94mGalLoP[0m][[32mINFO[0m] -  * loss: 3.749 top1: 62.094 top1_global: 62.394 top1_local: 52.306[0m
[[36m2025-01-25 12:19:22[0m][[94mGalLoP[0m][[32mINFO[0m] -  * loss: 3.728 top1: 62.356 top1_global: 62.362 top1_local: 53.013[0m
[[36m2025-01-25 12:19:22[0m][[94mGalLoP[0m][[32mINFO[0m] - Evaluation[0m
[[36m2025-01-25 12:20:12[0m][[94mGalLoP[0m][[32mINFO[0m] - Evaluation metrics:  * top1: 70.951 top1_global: 71.160 top1_local: 60.080[0m
[[36m2025-01-25 12:23:34[0m][[94mGalLoP[0m][[32mINFO[0m] - OOD Evaluation metrics with temperature scale 1.0 (FPR95 / AUROC): [0m
[[36m2025-01-25 12:23:34[0m][[94mGalLoP[0m][[32mINFO[0m] - *** =============[0m
[[36m2025-01-25 12:23:34[0m][[94mGalLoP[0m][[32mINFO[0m] - *           Ninco          SSB-Hard       iNaturalist               SUN            Places          Textures         OpenImage           Average[0m
[[36m2025-01-25 12:23:34[0m][[94mGalLoP[0m][[32mINFO[0m] - *   75.740 / 68.467&  86.539 / 65.904&  17.920 / 96.110&  21.440 / 95.266&  30.650 / 91.871&  41.241 / 90.199&  32.277 / 92.782&   43.687 / 85.800[0m
[[36m2025-01-25 12:28:12[0m][[94mGalLoP[0m][[32mINFO[0m] -  * loss: 3.608 top1: 63.475 top1_global: 62.688 top1_local: 54.450[0m
[[36m2025-01-25 12:32:55[0m][[94mGalLoP[0m][[32mINFO[0m] -  * loss: 3.573 top1: 63.194 top1_global: 62.487 top1_local: 55.138[0m
[[36m2025-01-25 12:42:02[0m][[94mGalLoP[0m][[32mINFO[0m] -  * loss: 3.513 top1: 63.725 top1_global: 62.438 top1_local: 56.212[0m
[[36m2025-01-25 12:51:52[0m][[94mGalLoP[0m][[32mINFO[0m] -  * loss: 3.462 top1: 64.237 top1_global: 62.788 top1_local: 56.706[0m
[[36m2025-01-25 13:02:30[0m][[94mGalLoP[0m][[32mINFO[0m] -  * loss: 3.419 top1: 64.800 top1_global: 62.706 top1_local: 57.831[0m
[[36m2025-01-25 13:02:30[0m][[94mGalLoP[0m][[32mINFO[0m] - Evaluation[0m
[[36m2025-01-25 13:04:51[0m][[94mGalLoP[0m][[32mINFO[0m] - Evaluation metrics:  * top1: 71.516 top1_global: 71.416 top1_local: 61.760[0m
[[36m2025-01-25 13:13:27[0m][[94mGalLoP[0m][[32mINFO[0m] - OOD Evaluation metrics with temperature scale 1.0 (FPR95 / AUROC): [0m
[[36m2025-01-25 13:13:27[0m][[94mGalLoP[0m][[32mINFO[0m] - *** =============[0m
[[36m2025-01-25 13:13:27[0m][[94mGalLoP[0m][[32mINFO[0m] - *           Ninco          SSB-Hard       iNaturalist               SUN            Places          Textures         OpenImage           Average[0m
[[36m2025-01-25 13:13:27[0m][[94mGalLoP[0m][[32mINFO[0m] - *   75.383 / 68.255&  86.408 / 65.154&  17.110 / 96.337&  22.680 / 94.845&  32.710 / 91.307&  37.801 / 91.337&  32.112 / 92.952&   43.458 / 85.741[0m
[[36m2025-01-25 13:24:19[0m][[94mGalLoP[0m][[32mINFO[0m] -  * loss: 3.427 top1: 64.900 top1_global: 63.112 top1_local: 57.987[0m
[[36m2025-01-25 13:34:00[0m][[94mGalLoP[0m][[32mINFO[0m] -  * loss: 3.374 top1: 65.125 top1_global: 62.950 top1_local: 58.212[0m
[[36m2025-01-25 13:43:50[0m][[94mGalLoP[0m][[32mINFO[0m] -  * loss: 3.309 top1: 65.256 top1_global: 63.163 top1_local: 59.369[0m
[[36m2025-01-25 13:53:41[0m][[94mGalLoP[0m][[32mINFO[0m] -  * loss: 3.265 top1: 65.506 top1_global: 63.256 top1_local: 59.144[0m
[[36m2025-01-25 13:59:12[0m][[94mGalLoP[0m][[32mINFO[0m] -  * loss: 3.258 top1: 66.031 top1_global: 62.969 top1_local: 60.219[0m
[[36m2025-01-25 13:59:12[0m][[94mGalLoP[0m][[32mINFO[0m] - Evaluation[0m
[[36m2025-01-25 13:59:59[0m][[94mGalLoP[0m][[32mINFO[0m] - Evaluation metrics:  * top1: 71.873 top1_global: 71.644 top1_local: 62.280[0m
[[36m2025-01-25 14:03:20[0m][[94mGalLoP[0m][[32mINFO[0m] - OOD Evaluation metrics with temperature scale 1.0 (FPR95 / AUROC): [0m
[[36m2025-01-25 14:03:20[0m][[94mGalLoP[0m][[32mINFO[0m] - *** =============[0m
[[36m2025-01-25 14:03:20[0m][[94mGalLoP[0m][[32mINFO[0m] - *           Ninco          SSB-Hard       iNaturalist               SUN            Places          Textures         OpenImage           Average[0m
[[36m2025-01-25 14:03:20[0m][[94mGalLoP[0m][[32mINFO[0m] - *   75.655 / 69.521&  86.345 / 65.614&  15.750 / 96.603&  21.880 / 94.922&  31.700 / 91.483&  36.011 / 91.945&  31.834 / 92.998&   42.739 / 86.155[0m
[[36m2025-01-25 14:07:58[0m][[94mGalLoP[0m][[32mINFO[0m] -  * loss: 3.243 top1: 65.950 top1_global: 62.881 top1_local: 60.237[0m
[[36m2025-01-25 14:12:36[0m][[94mGalLoP[0m][[32mINFO[0m] -  * loss: 3.197 top1: 66.144 top1_global: 63.163 top1_local: 60.406[0m
[[36m2025-01-25 14:17:14[0m][[94mGalLoP[0m][[32mINFO[0m] -  * loss: 3.200 top1: 66.825 top1_global: 63.394 top1_local: 61.344[0m
[[36m2025-01-25 14:21:52[0m][[94mGalLoP[0m][[32mINFO[0m] -  * loss: 3.220 top1: 66.506 top1_global: 63.219 top1_local: 60.712[0m
[[36m2025-01-25 14:26:30[0m][[94mGalLoP[0m][[32mINFO[0m] -  * loss: 3.200 top1: 66.931 top1_global: 63.081 top1_local: 61.013[0m
[[36m2025-01-25 14:26:30[0m][[94mGalLoP[0m][[32mINFO[0m] - Evaluation[0m
[[36m2025-01-25 14:27:18[0m][[94mGalLoP[0m][[32mINFO[0m] - Evaluation metrics:  * top1: 71.887 top1_global: 71.640 top1_local: 61.893[0m
[[36m2025-01-25 14:30:38[0m][[94mGalLoP[0m][[32mINFO[0m] - OOD Evaluation metrics with temperature scale 1.0 (FPR95 / AUROC): [0m
[[36m2025-01-25 14:30:38[0m][[94mGalLoP[0m][[32mINFO[0m] - *** =============[0m
[[36m2025-01-25 14:30:38[0m][[94mGalLoP[0m][[32mINFO[0m] - *           Ninco          SSB-Hard       iNaturalist               SUN            Places          Textures         OpenImage           Average[0m
[[36m2025-01-25 14:30:38[0m][[94mGalLoP[0m][[32mINFO[0m] - *   76.097 / 67.280&  87.988 / 62.322&  17.470 / 96.167&  24.120 / 94.324&  33.520 / 90.712&  35.993 / 91.290&  32.963 / 92.611&   44.022 / 84.958[0m
[[36m2025-01-25 14:35:16[0m][[94mGalLoP[0m][[32mINFO[0m] -  * loss: 3.113 top1: 67.544 top1_global: 63.556 top1_local: 61.956[0m
[[36m2025-01-25 14:39:54[0m][[94mGalLoP[0m][[32mINFO[0m] -  * loss: 3.107 top1: 67.537 top1_global: 63.275 top1_local: 62.562[0m
[[36m2025-01-25 14:44:32[0m][[94mGalLoP[0m][[32mINFO[0m] -  * loss: 3.148 top1: 67.250 top1_global: 63.337 top1_local: 62.331[0m
[[36m2025-01-25 14:49:11[0m][[94mGalLoP[0m][[32mINFO[0m] -  * loss: 3.080 top1: 68.544 top1_global: 63.919 top1_local: 63.163[0m
[[36m2025-01-25 14:53:49[0m][[94mGalLoP[0m][[32mINFO[0m] -  * loss: 3.035 top1: 69.006 top1_global: 64.463 top1_local: 63.775[0m
[[36m2025-01-25 14:53:49[0m][[94mGalLoP[0m][[32mINFO[0m] - Evaluation[0m
[[36m2025-01-25 14:54:37[0m][[94mGalLoP[0m][[32mINFO[0m] - Evaluation metrics:  * top1: 72.240 top1_global: 71.622 top1_local: 63.193[0m
[[36m2025-01-25 14:57:58[0m][[94mGalLoP[0m][[32mINFO[0m] - OOD Evaluation metrics with temperature scale 1.0 (FPR95 / AUROC): [0m
[[36m2025-01-25 14:57:58[0m][[94mGalLoP[0m][[32mINFO[0m] - *** =============[0m
[[36m2025-01-25 14:57:58[0m][[94mGalLoP[0m][[32mINFO[0m] - *           Ninco          SSB-Hard       iNaturalist               SUN            Places          Textures         OpenImage           Average[0m
[[36m2025-01-25 14:57:58[0m][[94mGalLoP[0m][[32mINFO[0m] - *   75.740 / 68.707&  87.549 / 62.625&  16.440 / 96.473&  24.840 / 93.945&  33.880 / 90.493&  35.142 / 91.656&  32.186 / 92.774&   43.682 / 85.239[0m
[[36m2025-01-25 15:02:36[0m][[94mGalLoP[0m][[32mINFO[0m] -  * loss: 3.038 top1: 68.500 top1_global: 63.606 top1_local: 64.206[0m
[[36m2025-01-25 15:07:14[0m][[94mGalLoP[0m][[32mINFO[0m] -  * loss: 3.035 top1: 68.250 top1_global: 63.469 top1_local: 63.756[0m
[[36m2025-01-25 15:11:52[0m][[94mGalLoP[0m][[32mINFO[0m] -  * loss: 2.996 top1: 68.619 top1_global: 63.925 top1_local: 64.550[0m
[[36m2025-01-25 15:16:31[0m][[94mGalLoP[0m][[32mINFO[0m] -  * loss: 2.999 top1: 69.025 top1_global: 63.644 top1_local: 64.994[0m
[[36m2025-01-25 15:21:09[0m][[94mGalLoP[0m][[32mINFO[0m] -  * loss: 2.970 top1: 69.362 top1_global: 63.756 top1_local: 65.200[0m
[[36m2025-01-25 15:21:09[0m][[94mGalLoP[0m][[32mINFO[0m] - Evaluation[0m
[[36m2025-01-25 15:21:56[0m][[94mGalLoP[0m][[32mINFO[0m] - Evaluation metrics:  * top1: 72.227 top1_global: 71.689 top1_local: 62.549[0m
[[36m2025-01-25 15:25:17[0m][[94mGalLoP[0m][[32mINFO[0m] - OOD Evaluation metrics with temperature scale 1.0 (FPR95 / AUROC): [0m
[[36m2025-01-25 15:25:17[0m][[94mGalLoP[0m][[32mINFO[0m] - *** =============[0m
[[36m2025-01-25 15:25:17[0m][[94mGalLoP[0m][[32mINFO[0m] - *           Ninco          SSB-Hard       iNaturalist               SUN            Places          Textures         OpenImage           Average[0m
[[36m2025-01-25 15:25:17[0m][[94mGalLoP[0m][[32mINFO[0m] - *   74.770 / 69.825&  86.598 / 64.547&  13.720 / 97.016&  24.930 / 93.972&  33.680 / 90.693&  34.255 / 91.922&  31.488 / 93.022&   42.777 / 85.857[0m
[[36m2025-01-25 15:29:55[0m][[94mGalLoP[0m][[32mINFO[0m] -  * loss: 2.950 top1: 69.275 top1_global: 64.056 top1_local: 65.463[0m
[[36m2025-01-25 15:34:33[0m][[94mGalLoP[0m][[32mINFO[0m] -  * loss: 2.974 top1: 69.306 top1_global: 63.900 top1_local: 65.025[0m
[[36m2025-01-25 15:39:11[0m][[94mGalLoP[0m][[32mINFO[0m] -  * loss: 2.976 top1: 69.194 top1_global: 63.425 top1_local: 65.606[0m
[[36m2025-01-25 15:43:50[0m][[94mGalLoP[0m][[32mINFO[0m] -  * loss: 2.912 top1: 69.844 top1_global: 63.944 top1_local: 66.069[0m
[[36m2025-01-25 15:48:28[0m][[94mGalLoP[0m][[32mINFO[0m] -  * loss: 2.914 top1: 69.950 top1_global: 64.250 top1_local: 66.619[0m
[[36m2025-01-25 15:48:28[0m][[94mGalLoP[0m][[32mINFO[0m] - Evaluation[0m
[[36m2025-01-25 15:49:15[0m][[94mGalLoP[0m][[32mINFO[0m] - Evaluation metrics:  * top1: 72.469 top1_global: 71.818 top1_local: 63.147[0m
[[36m2025-01-25 15:52:36[0m][[94mGalLoP[0m][[32mINFO[0m] - OOD Evaluation metrics with temperature scale 1.0 (FPR95 / AUROC): [0m
[[36m2025-01-25 15:52:36[0m][[94mGalLoP[0m][[32mINFO[0m] - *** =============[0m
[[36m2025-01-25 15:52:36[0m][[94mGalLoP[0m][[32mINFO[0m] - *           Ninco          SSB-Hard       iNaturalist               SUN            Places          Textures         OpenImage           Average[0m
[[36m2025-01-25 15:52:36[0m][[94mGalLoP[0m][[32mINFO[0m] - *   74.821 / 70.494&  87.414 / 63.728&  14.530 / 96.903&  25.010 / 93.859&  33.420 / 90.680&  33.528 / 91.891&  31.522 / 93.080&   42.892 / 85.805[0m
[[36m2025-01-25 15:57:14[0m][[94mGalLoP[0m][[32mINFO[0m] -  * loss: 2.929 top1: 69.612 top1_global: 63.750 top1_local: 66.537[0m
[[36m2025-01-25 16:01:52[0m][[94mGalLoP[0m][[32mINFO[0m] -  * loss: 2.920 top1: 69.981 top1_global: 63.938 top1_local: 66.775[0m
[[36m2025-01-25 16:06:31[0m][[94mGalLoP[0m][[32mINFO[0m] -  * loss: 2.861 top1: 71.106 top1_global: 64.356 top1_local: 67.338[0m
[[36m2025-01-25 16:11:09[0m][[94mGalLoP[0m][[32mINFO[0m] -  * loss: 2.876 top1: 70.838 top1_global: 64.375 top1_local: 67.412[0m
[[36m2025-01-25 16:15:47[0m][[94mGalLoP[0m][[32mINFO[0m] -  * loss: 2.891 top1: 70.138 top1_global: 64.094 top1_local: 67.188[0m
[[36m2025-01-25 16:15:47[0m][[94mGalLoP[0m][[32mINFO[0m] - Evaluation[0m
[[36m2025-01-25 16:16:34[0m][[94mGalLoP[0m][[32mINFO[0m] - Evaluation metrics:  * top1: 72.493 top1_global: 71.800 top1_local: 62.320[0m
[[36m2025-01-25 16:19:55[0m][[94mGalLoP[0m][[32mINFO[0m] - OOD Evaluation metrics with temperature scale 1.0 (FPR95 / AUROC): [0m
[[36m2025-01-25 16:19:55[0m][[94mGalLoP[0m][[32mINFO[0m] - *** =============[0m
[[36m2025-01-25 16:19:55[0m][[94mGalLoP[0m][[32mINFO[0m] - *           Ninco          SSB-Hard       iNaturalist               SUN            Places          Textures         OpenImage           Average[0m
[[36m2025-01-25 16:19:55[0m][[94mGalLoP[0m][[32mINFO[0m] - *   74.821 / 70.781&  86.420 / 64.507&  13.900 / 97.022&  25.020 / 93.889&  33.590 / 90.732&  34.716 / 91.528&  31.471 / 93.053&   42.848 / 85.930[0m
[[36m2025-01-25 16:24:33[0m][[94mGalLoP[0m][[32mINFO[0m] -  * loss: 2.873 top1: 70.644 top1_global: 64.537 top1_local: 67.756[0m
[[36m2025-01-25 16:29:11[0m][[94mGalLoP[0m][[32mINFO[0m] -  * loss: 2.901 top1: 70.362 top1_global: 64.000 top1_local: 67.594[0m
[[36m2025-01-25 16:33:49[0m][[94mGalLoP[0m][[32mINFO[0m] -  * loss: 2.872 top1: 70.700 top1_global: 63.850 top1_local: 67.806[0m
[[36m2025-01-25 16:38:28[0m][[94mGalLoP[0m][[32mINFO[0m] -  * loss: 2.860 top1: 70.875 top1_global: 64.306 top1_local: 68.231[0m
[[36m2025-01-25 16:43:06[0m][[94mGalLoP[0m][[32mINFO[0m] -  * loss: 2.875 top1: 70.331 top1_global: 64.269 top1_local: 67.900[0m
[[36m2025-01-25 16:43:06[0m][[94mGalLoP[0m][[32mINFO[0m] - Evaluation[0m
[[36m2025-01-25 16:43:54[0m][[94mGalLoP[0m][[32mINFO[0m] - Evaluation metrics:  * top1: 72.469 top1_global: 71.884 top1_local: 62.893[0m
[[36m2025-01-25 16:47:14[0m][[94mGalLoP[0m][[32mINFO[0m] - OOD Evaluation metrics with temperature scale 1.0 (FPR95 / AUROC): [0m
[[36m2025-01-25 16:47:14[0m][[94mGalLoP[0m][[32mINFO[0m] - *** =============[0m
[[36m2025-01-25 16:47:14[0m][[94mGalLoP[0m][[32mINFO[0m] - *           Ninco          SSB-Hard       iNaturalist               SUN            Places          Textures         OpenImage           Average[0m
[[36m2025-01-25 16:47:14[0m][[94mGalLoP[0m][[32mINFO[0m] - *   75.145 / 70.073&  87.243 / 63.602&  15.360 / 96.758&  25.750 / 93.674&  34.570 / 90.469&  34.486 / 91.644&  32.452 / 92.866&   43.572 / 85.584[0m
[[36m2025-01-25 16:51:53[0m][[94mGalLoP[0m][[32mINFO[0m] -  * loss: 2.798 top1: 71.456 top1_global: 64.963 top1_local: 68.481[0m
[[36m2025-01-25 16:56:31[0m][[94mGalLoP[0m][[32mINFO[0m] -  * loss: 2.872 top1: 70.219 top1_global: 63.812 top1_local: 67.838[0m
[[36m2025-01-25 17:01:09[0m][[94mGalLoP[0m][[32mINFO[0m] -  * loss: 2.880 top1: 70.275 top1_global: 63.763 top1_local: 67.575[0m
[[36m2025-01-25 17:05:47[0m][[94mGalLoP[0m][[32mINFO[0m] -  * loss: 2.841 top1: 70.812 top1_global: 64.044 top1_local: 68.194[0m
[[36m2025-01-25 17:05:47[0m][[94mGalLoP[0m][[32mINFO[0m] - Evaluation[0m
[[36m2025-01-25 17:06:41[0m][[94mGalLoP[0m][[32mINFO[0m] - Evaluation metrics:  * top1: 72.429 top1_global: 71.887 top1_local: 62.613[0m
