[[36m2025-01-27 11:28:40[0m][[94mGalLoP[0m][[32mINFO[0m] - Setting the seed to 1[0m
[[36m2025-01-27 11:28:40[0m][[94mGalLoP[0m][[32mINFO[0m] - Running experiment imagenet_shot_16[0m
[[36m2025-01-27 11:28:43[0m][[94mGalLoP[0m][[32mINFO[0m] - Using template: A photo of a <class_name>[0m
[[36m2025-01-27 11:28:50[0m][[94mGalLoP[0m][[33mWARNING[0m] - Missing keys in CLIP: ['global_prompt', 'local_prompts', 'local_proj.linear.weight'][0m
[[36m2025-01-27 11:28:50[0m][[94mGalLoP[0m][[32mINFO[0m] - global_prompt added to params_group[0m
[[36m2025-01-27 11:28:50[0m][[94mGalLoP[0m][[32mINFO[0m] - local_prompts added to params_group[0m
[[36m2025-01-27 11:28:50[0m][[94mGalLoP[0m][[32mINFO[0m] - local_proj.linear.weight added to params_group[0m
[[36m2025-01-27 11:33:31[0m][[94mGalLoP[0m][[32mINFO[0m] -  * loss: 5.086 top1: 57.913 top1_global: 60.962 top1_local: 35.925[0m
[[36m2025-01-27 11:38:14[0m][[94mGalLoP[0m][[32mINFO[0m] -  * loss: 4.424 top1: 59.038 top1_global: 61.763 top1_local: 42.419[0m
[[36m2025-01-27 11:42:54[0m][[94mGalLoP[0m][[32mINFO[0m] -  * loss: 4.214 top1: 59.663 top1_global: 61.712 top1_local: 45.169[0m
[[36m2025-01-27 11:47:35[0m][[94mGalLoP[0m][[32mINFO[0m] -  * loss: 4.015 top1: 60.812 top1_global: 62.300 top1_local: 47.950[0m
[[36m2025-01-27 11:52:15[0m][[94mGalLoP[0m][[32mINFO[0m] -  * loss: 3.930 top1: 61.019 top1_global: 62.394 top1_local: 49.206[0m
[[36m2025-01-27 11:56:56[0m][[94mGalLoP[0m][[32mINFO[0m] -  * loss: 3.865 top1: 61.600 top1_global: 62.362 top1_local: 50.231[0m
[[36m2025-01-27 11:56:56[0m][[94mGalLoP[0m][[32mINFO[0m] - Evaluation[0m
[[36m2025-01-27 11:57:52[0m][[94mGalLoP[0m][[32mINFO[0m] - Evaluation metrics:  * top1: 69.718 top1_global: 71.160 top1_local: 55.802[0m
[[36m2025-01-27 12:01:33[0m][[94mGalLoP[0m][[32mINFO[0m] - OOD Evaluation metrics with temperature scale 1.0 (FPR95 / AUROC): [0m
[[36m2025-01-27 12:01:33[0m][[94mGalLoP[0m][[32mINFO[0m] - *** =============[0m
[[36m2025-01-27 12:01:33[0m][[94mGalLoP[0m][[32mINFO[0m] - *           Ninco          SSB-Hard       iNaturalist               SUN            Places          Textures         OpenImage           Average[0m
[[36m2025-01-27 12:01:33[0m][[94mGalLoP[0m][[32mINFO[0m] - *   77.475 / 70.069&  88.639 / 65.188&  22.610 / 95.400&  22.360 / 95.196&  31.310 / 91.760&  40.089 / 90.855&  34.834 / 92.540&   45.331 / 85.858[0m
[[36m2025-01-27 12:06:14[0m][[94mGalLoP[0m][[32mINFO[0m] -  * loss: 3.760 top1: 62.250 top1_global: 62.688 top1_local: 51.681[0m
[[36m2025-01-27 12:10:55[0m][[94mGalLoP[0m][[32mINFO[0m] -  * loss: 3.748 top1: 62.188 top1_global: 62.487 top1_local: 52.013[0m
[[36m2025-01-27 12:15:35[0m][[94mGalLoP[0m][[32mINFO[0m] -  * loss: 3.693 top1: 62.669 top1_global: 62.438 top1_local: 53.350[0m
[[36m2025-01-27 12:20:16[0m][[94mGalLoP[0m][[32mINFO[0m] -  * loss: 3.638 top1: 63.281 top1_global: 62.788 top1_local: 53.700[0m
[[36m2025-01-27 12:24:56[0m][[94mGalLoP[0m][[32mINFO[0m] -  * loss: 3.580 top1: 63.506 top1_global: 62.706 top1_local: 55.175[0m
[[36m2025-01-27 12:24:56[0m][[94mGalLoP[0m][[32mINFO[0m] - Evaluation[0m
[[36m2025-01-27 12:25:46[0m][[94mGalLoP[0m][[32mINFO[0m] - Evaluation metrics:  * top1: 70.840 top1_global: 71.416 top1_local: 59.244[0m
[[36m2025-01-27 12:29:11[0m][[94mGalLoP[0m][[32mINFO[0m] - OOD Evaluation metrics with temperature scale 1.0 (FPR95 / AUROC): [0m
[[36m2025-01-27 12:29:11[0m][[94mGalLoP[0m][[32mINFO[0m] - *** =============[0m
[[36m2025-01-27 12:29:11[0m][[94mGalLoP[0m][[32mINFO[0m] - *           Ninco          SSB-Hard       iNaturalist               SUN            Places          Textures         OpenImage           Average[0m
[[36m2025-01-27 12:29:11[0m][[94mGalLoP[0m][[32mINFO[0m] - *   76.676 / 70.151&  87.680 / 66.120&  20.750 / 95.698&  22.770 / 95.017&  31.410 / 91.703&  37.996 / 91.505&  34.335 / 92.719&   44.517 / 86.130[0m
[[36m2025-01-27 12:33:51[0m][[94mGalLoP[0m][[32mINFO[0m] -  * loss: 3.579 top1: 63.862 top1_global: 63.112 top1_local: 54.994[0m
[[36m2025-01-27 12:38:32[0m][[94mGalLoP[0m][[32mINFO[0m] -  * loss: 3.543 top1: 63.994 top1_global: 62.950 top1_local: 55.450[0m
[[36m2025-01-27 12:43:12[0m][[94mGalLoP[0m][[32mINFO[0m] -  * loss: 3.470 top1: 64.825 top1_global: 63.163 top1_local: 56.819[0m
[[36m2025-01-27 12:47:53[0m][[94mGalLoP[0m][[32mINFO[0m] -  * loss: 3.460 top1: 64.475 top1_global: 63.256 top1_local: 56.181[0m
[[36m2025-01-27 12:52:33[0m][[94mGalLoP[0m][[32mINFO[0m] -  * loss: 3.458 top1: 64.550 top1_global: 62.969 top1_local: 56.869[0m
[[36m2025-01-27 12:52:33[0m][[94mGalLoP[0m][[32mINFO[0m] - Evaluation[0m
[[36m2025-01-27 12:53:23[0m][[94mGalLoP[0m][[32mINFO[0m] - Evaluation metrics:  * top1: 70.882 top1_global: 71.644 top1_local: 59.316[0m
[[36m2025-01-27 12:56:48[0m][[94mGalLoP[0m][[32mINFO[0m] - OOD Evaluation metrics with temperature scale 1.0 (FPR95 / AUROC): [0m
[[36m2025-01-27 12:56:48[0m][[94mGalLoP[0m][[32mINFO[0m] - *** =============[0m
[[36m2025-01-27 12:56:48[0m][[94mGalLoP[0m][[32mINFO[0m] - *           Ninco          SSB-Hard       iNaturalist               SUN            Places          Textures         OpenImage           Average[0m
[[36m2025-01-27 12:56:48[0m][[94mGalLoP[0m][[32mINFO[0m] - *   76.165 / 73.559&  87.380 / 67.975&  18.280 / 96.308&  20.480 / 95.529&  28.830 / 92.514&  38.422 / 91.652&  33.621 / 93.008&   43.311 / 87.221[0m
[[36m2025-01-27 13:01:28[0m][[94mGalLoP[0m][[32mINFO[0m] -  * loss: 3.433 top1: 65.144 top1_global: 62.881 top1_local: 57.325[0m
[[36m2025-01-27 13:06:09[0m][[94mGalLoP[0m][[32mINFO[0m] -  * loss: 3.393 top1: 64.963 top1_global: 63.163 top1_local: 57.331[0m
[[36m2025-01-27 13:10:49[0m][[94mGalLoP[0m][[32mINFO[0m] -  * loss: 3.381 top1: 65.737 top1_global: 63.394 top1_local: 57.756[0m
[[36m2025-01-27 13:15:30[0m][[94mGalLoP[0m][[32mINFO[0m] -  * loss: 3.391 top1: 65.638 top1_global: 63.219 top1_local: 57.494[0m
[[36m2025-01-27 13:20:10[0m][[94mGalLoP[0m][[32mINFO[0m] -  * loss: 3.369 top1: 65.631 top1_global: 63.081 top1_local: 58.288[0m
[[36m2025-01-27 13:20:10[0m][[94mGalLoP[0m][[32mINFO[0m] - Evaluation[0m
[[36m2025-01-27 13:21:00[0m][[94mGalLoP[0m][[32mINFO[0m] - Evaluation metrics:  * top1: 71.196 top1_global: 71.640 top1_local: 60.091[0m
[[36m2025-01-27 13:24:25[0m][[94mGalLoP[0m][[32mINFO[0m] - OOD Evaluation metrics with temperature scale 1.0 (FPR95 / AUROC): [0m
[[36m2025-01-27 13:24:25[0m][[94mGalLoP[0m][[32mINFO[0m] - *** =============[0m
[[36m2025-01-27 13:24:25[0m][[94mGalLoP[0m][[32mINFO[0m] - *           Ninco          SSB-Hard       iNaturalist               SUN            Places          Textures         OpenImage           Average[0m
[[36m2025-01-27 13:24:25[0m][[94mGalLoP[0m][[32mINFO[0m] - *   76.693 / 71.170&  88.855 / 65.094&  18.970 / 96.083&  22.690 / 94.942&  30.820 / 91.727&  37.748 / 91.548&  34.539 / 92.723&   44.331 / 86.184[0m
[[36m2025-01-27 13:29:05[0m][[94mGalLoP[0m][[32mINFO[0m] -  * loss: 3.299 top1: 66.537 top1_global: 63.556 top1_local: 59.219[0m
[[36m2025-01-27 13:33:46[0m][[94mGalLoP[0m][[32mINFO[0m] -  * loss: 3.295 top1: 66.431 top1_global: 63.275 top1_local: 59.250[0m
[[36m2025-01-27 13:38:26[0m][[94mGalLoP[0m][[32mINFO[0m] -  * loss: 3.317 top1: 66.412 top1_global: 63.337 top1_local: 59.431[0m
[[36m2025-01-27 13:43:07[0m][[94mGalLoP[0m][[32mINFO[0m] -  * loss: 3.245 top1: 67.062 top1_global: 63.919 top1_local: 60.131[0m
[[36m2025-01-27 13:47:48[0m][[94mGalLoP[0m][[32mINFO[0m] -  * loss: 3.231 top1: 67.631 top1_global: 64.463 top1_local: 60.356[0m
[[36m2025-01-27 13:47:48[0m][[94mGalLoP[0m][[32mINFO[0m] - Evaluation[0m
[[36m2025-01-27 13:48:38[0m][[94mGalLoP[0m][[32mINFO[0m] - Evaluation metrics:  * top1: 71.333 top1_global: 71.622 top1_local: 60.007[0m
[[36m2025-01-27 13:52:03[0m][[94mGalLoP[0m][[32mINFO[0m] - OOD Evaluation metrics with temperature scale 1.0 (FPR95 / AUROC): [0m
[[36m2025-01-27 13:52:03[0m][[94mGalLoP[0m][[32mINFO[0m] - *** =============[0m
[[36m2025-01-27 13:52:03[0m][[94mGalLoP[0m][[32mINFO[0m] - *           Ninco          SSB-Hard       iNaturalist               SUN            Places          Textures         OpenImage           Average[0m
[[36m2025-01-27 13:52:03[0m][[94mGalLoP[0m][[32mINFO[0m] - *   76.233 / 72.320&  89.045 / 64.637&  18.400 / 96.315&  21.470 / 95.208&  30.070 / 91.894&  35.550 / 92.179&  33.728 / 93.042&   43.499 / 86.514[0m
[[36m2025-01-27 13:56:43[0m][[94mGalLoP[0m][[32mINFO[0m] -  * loss: 3.250 top1: 67.188 top1_global: 63.606 top1_local: 60.562[0m
[[36m2025-01-27 14:01:24[0m][[94mGalLoP[0m][[32mINFO[0m] -  * loss: 3.245 top1: 66.794 top1_global: 63.469 top1_local: 60.425[0m
[[36m2025-01-27 14:06:04[0m][[94mGalLoP[0m][[32mINFO[0m] -  * loss: 3.211 top1: 67.556 top1_global: 63.925 top1_local: 60.500[0m
[[36m2025-01-27 14:10:45[0m][[94mGalLoP[0m][[32mINFO[0m] -  * loss: 3.198 top1: 67.475 top1_global: 63.644 top1_local: 60.906[0m
[[36m2025-01-27 14:15:26[0m][[94mGalLoP[0m][[32mINFO[0m] -  * loss: 3.160 top1: 67.594 top1_global: 63.756 top1_local: 61.663[0m
[[36m2025-01-27 14:15:26[0m][[94mGalLoP[0m][[32mINFO[0m] - Evaluation[0m
[[36m2025-01-27 14:16:16[0m][[94mGalLoP[0m][[32mINFO[0m] - Evaluation metrics:  * top1: 71.691 top1_global: 71.689 top1_local: 61.689[0m
[[36m2025-01-27 14:19:40[0m][[94mGalLoP[0m][[32mINFO[0m] - OOD Evaluation metrics with temperature scale 1.0 (FPR95 / AUROC): [0m
[[36m2025-01-27 14:19:40[0m][[94mGalLoP[0m][[32mINFO[0m] - *** =============[0m
[[36m2025-01-27 14:19:40[0m][[94mGalLoP[0m][[32mINFO[0m] - *           Ninco          SSB-Hard       iNaturalist               SUN            Places          Textures         OpenImage           Average[0m
[[36m2025-01-27 14:19:40[0m][[94mGalLoP[0m][[32mINFO[0m] - *   75.961 / 72.939&  88.543 / 66.064&  17.320 / 96.499&  22.640 / 95.045&  30.380 / 91.829&  35.018 / 92.405&  34.296 / 93.018&   43.451 / 86.828[0m
[[36m2025-01-27 14:24:21[0m][[94mGalLoP[0m][[32mINFO[0m] -  * loss: 3.137 top1: 67.800 top1_global: 64.056 top1_local: 61.906[0m
[[36m2025-01-27 14:29:01[0m][[94mGalLoP[0m][[32mINFO[0m] -  * loss: 3.183 top1: 67.794 top1_global: 63.900 top1_local: 61.056[0m
[[36m2025-01-27 14:33:42[0m][[94mGalLoP[0m][[32mINFO[0m] -  * loss: 3.172 top1: 67.606 top1_global: 63.425 top1_local: 61.950[0m
[[36m2025-01-27 14:38:22[0m][[94mGalLoP[0m][[32mINFO[0m] -  * loss: 3.111 top1: 68.375 top1_global: 63.944 top1_local: 62.650[0m
[[36m2025-01-27 14:43:03[0m][[94mGalLoP[0m][[32mINFO[0m] -  * loss: 3.131 top1: 68.525 top1_global: 64.250 top1_local: 62.281[0m
[[36m2025-01-27 14:43:03[0m][[94mGalLoP[0m][[32mINFO[0m] - Evaluation[0m
[[36m2025-01-27 14:43:53[0m][[94mGalLoP[0m][[32mINFO[0m] - Evaluation metrics:  * top1: 71.580 top1_global: 71.818 top1_local: 61.224[0m
[[36m2025-01-27 14:47:18[0m][[94mGalLoP[0m][[32mINFO[0m] - OOD Evaluation metrics with temperature scale 1.0 (FPR95 / AUROC): [0m
[[36m2025-01-27 14:47:18[0m][[94mGalLoP[0m][[32mINFO[0m] - *** =============[0m
[[36m2025-01-27 14:47:18[0m][[94mGalLoP[0m][[32mINFO[0m] - *           Ninco          SSB-Hard       iNaturalist               SUN            Places          Textures         OpenImage           Average[0m
[[36m2025-01-27 14:47:18[0m][[94mGalLoP[0m][[32mINFO[0m] - *   75.366 / 73.882&  88.710 / 66.220&  16.410 / 96.668&  22.140 / 95.046&  29.840 / 91.963&  34.007 / 92.415&  33.002 / 93.253&   42.782 / 87.064[0m
[[36m2025-01-27 14:51:58[0m][[94mGalLoP[0m][[32mINFO[0m] -  * loss: 3.126 top1: 68.250 top1_global: 63.750 top1_local: 62.819[0m
[[36m2025-01-27 14:56:39[0m][[94mGalLoP[0m][[32mINFO[0m] -  * loss: 3.124 top1: 68.506 top1_global: 63.938 top1_local: 62.925[0m
[[36m2025-01-27 15:01:20[0m][[94mGalLoP[0m][[32mINFO[0m] -  * loss: 3.076 top1: 68.975 top1_global: 64.356 top1_local: 63.538[0m
[[36m2025-01-27 15:06:00[0m][[94mGalLoP[0m][[32mINFO[0m] -  * loss: 3.094 top1: 68.800 top1_global: 64.375 top1_local: 62.737[0m
[[36m2025-01-27 15:10:41[0m][[94mGalLoP[0m][[32mINFO[0m] -  * loss: 3.096 top1: 68.606 top1_global: 64.094 top1_local: 62.987[0m
[[36m2025-01-27 15:10:41[0m][[94mGalLoP[0m][[32mINFO[0m] - Evaluation[0m
[[36m2025-01-27 15:11:31[0m][[94mGalLoP[0m][[32mINFO[0m] - Evaluation metrics:  * top1: 71.356 top1_global: 71.800 top1_local: 59.900[0m
[[36m2025-01-27 15:14:57[0m][[94mGalLoP[0m][[32mINFO[0m] - OOD Evaluation metrics with temperature scale 1.0 (FPR95 / AUROC): [0m
[[36m2025-01-27 15:14:57[0m][[94mGalLoP[0m][[32mINFO[0m] - *** =============[0m
[[36m2025-01-27 15:14:57[0m][[94mGalLoP[0m][[32mINFO[0m] - *           Ninco          SSB-Hard       iNaturalist               SUN            Places          Textures         OpenImage           Average[0m
[[36m2025-01-27 15:14:57[0m][[94mGalLoP[0m][[32mINFO[0m] - *   75.349 / 74.377&  87.902 / 67.022&  16.200 / 96.739&  21.820 / 95.125&  29.760 / 92.071&  34.504 / 92.314&  33.269 / 93.211&   42.686 / 87.266[0m
[[36m2025-01-27 15:19:37[0m][[94mGalLoP[0m][[32mINFO[0m] -  * loss: 3.098 top1: 68.888 top1_global: 64.537 top1_local: 62.975[0m
[[36m2025-01-27 15:24:18[0m][[94mGalLoP[0m][[32mINFO[0m] -  * loss: 3.127 top1: 68.494 top1_global: 64.000 top1_local: 62.706[0m
[[36m2025-01-27 15:28:59[0m][[94mGalLoP[0m][[32mINFO[0m] -  * loss: 3.108 top1: 68.862 top1_global: 63.850 top1_local: 63.256[0m
[[36m2025-01-27 15:33:40[0m][[94mGalLoP[0m][[32mINFO[0m] -  * loss: 3.074 top1: 69.088 top1_global: 64.306 top1_local: 63.956[0m
[[36m2025-01-27 15:38:21[0m][[94mGalLoP[0m][[32mINFO[0m] -  * loss: 3.104 top1: 69.069 top1_global: 64.269 top1_local: 63.550[0m
[[36m2025-01-27 15:38:21[0m][[94mGalLoP[0m][[32mINFO[0m] - Evaluation[0m
[[36m2025-01-27 15:39:11[0m][[94mGalLoP[0m][[32mINFO[0m] - Evaluation metrics:  * top1: 71.580 top1_global: 71.884 top1_local: 60.644[0m
[[36m2025-01-27 15:42:35[0m][[94mGalLoP[0m][[32mINFO[0m] - OOD Evaluation metrics with temperature scale 1.0 (FPR95 / AUROC): [0m
[[36m2025-01-27 15:42:35[0m][[94mGalLoP[0m][[32mINFO[0m] - *** =============[0m
[[36m2025-01-27 15:42:35[0m][[94mGalLoP[0m][[32mINFO[0m] - *           Ninco          SSB-Hard       iNaturalist               SUN            Places          Textures         OpenImage           Average[0m
[[36m2025-01-27 15:42:35[0m][[94mGalLoP[0m][[32mINFO[0m] - *   76.063 / 73.561&  88.845 / 66.226&  18.580 / 96.338&  22.730 / 94.988&  30.330 / 91.904&  34.628 / 92.323&  34.574 / 92.948&   43.678 / 86.898[0m
[[36m2025-01-27 15:47:16[0m][[94mGalLoP[0m][[32mINFO[0m] -  * loss: 3.029 top1: 69.644 top1_global: 64.963 top1_local: 63.925[0m
[[36m2025-01-27 15:51:56[0m][[94mGalLoP[0m][[32mINFO[0m] -  * loss: 3.089 top1: 68.744 top1_global: 63.812 top1_local: 63.550[0m
[[36m2025-01-27 15:56:37[0m][[94mGalLoP[0m][[32mINFO[0m] -  * loss: 3.119 top1: 68.356 top1_global: 63.763 top1_local: 62.669[0m
[[36m2025-01-27 16:01:17[0m][[94mGalLoP[0m][[32mINFO[0m] -  * loss: 3.061 top1: 69.431 top1_global: 64.044 top1_local: 64.162[0m
[[36m2025-01-27 16:01:17[0m][[94mGalLoP[0m][[32mINFO[0m] - Evaluation[0m
[[36m2025-01-27 16:02:15[0m][[94mGalLoP[0m][[32mINFO[0m] - Evaluation metrics:  * top1: 71.536 top1_global: 71.887 top1_local: 60.469[0m
