[[36m2025-01-24 21:23:40[0m][[94mGalLoP[0m][[32mINFO[0m] - Setting the seed to 1[0m
[[36m2025-01-24 21:23:40[0m][[94mGalLoP[0m][[32mINFO[0m] - Running experiment imagenet_shot_16[0m
[[36m2025-01-24 21:23:44[0m][[94mGalLoP[0m][[32mINFO[0m] - Using template: A photo of a <class_name>[0m
[[36m2025-01-24 21:23:50[0m][[94mGalLoP[0m][[33mWARNING[0m] - Missing keys in CLIP: ['global_prompt', 'local_prompts', 'local_proj.linear.weight'][0m
[[36m2025-01-24 21:23:50[0m][[94mGalLoP[0m][[32mINFO[0m] - global_prompt added to params_group[0m
[[36m2025-01-24 21:23:50[0m][[94mGalLoP[0m][[32mINFO[0m] - local_prompts added to params_group[0m
[[36m2025-01-24 21:23:50[0m][[94mGalLoP[0m][[32mINFO[0m] - local_proj.linear.weight added to params_group[0m
[[36m2025-01-24 21:31:21[0m][[94mGalLoP[0m][[32mINFO[0m] -  * loss: 4.515 top1: 59.119 top1_global: 60.962 top1_local: 43.231[0m
[[36m2025-01-24 21:38:51[0m][[94mGalLoP[0m][[32mINFO[0m] -  * loss: 4.023 top1: 60.263 top1_global: 61.763 top1_local: 48.163[0m
[[36m2025-01-24 21:46:22[0m][[94mGalLoP[0m][[32mINFO[0m] -  * loss: 3.938 top1: 60.688 top1_global: 61.712 top1_local: 49.525[0m
[[36m2025-01-24 21:53:53[0m][[94mGalLoP[0m][[32mINFO[0m] -  * loss: 3.856 top1: 61.675 top1_global: 62.300 top1_local: 50.781[0m
[[36m2025-01-24 22:01:23[0m][[94mGalLoP[0m][[32mINFO[0m] -  * loss: 3.873 top1: 61.788 top1_global: 62.394 top1_local: 50.550[0m
[[36m2025-01-24 22:08:55[0m][[94mGalLoP[0m][[32mINFO[0m] -  * loss: 3.967 top1: 61.706 top1_global: 62.362 top1_local: 49.200[0m
[[36m2025-01-24 22:08:55[0m][[94mGalLoP[0m][[32mINFO[0m] - Evaluation[0m
[[36m2025-01-24 22:11:29[0m][[94mGalLoP[0m][[32mINFO[0m] - Evaluation metrics:  * top1: 70.127 top1_global: 71.160 top1_local: 53.698[0m
[[36m2025-01-24 22:16:32[0m][[94mGalLoP[0m][[32mINFO[0m] - OOD Evaluation metrics with temperature scale 1.0 (FPR95 / AUROC): [0m
[[36m2025-01-24 22:16:32[0m][[94mGalLoP[0m][[32mINFO[0m] - *** =============[0m
[[36m2025-01-24 22:16:32[0m][[94mGalLoP[0m][[32mINFO[0m] - *           Ninco          SSB-Hard       iNaturalist               SUN            Places          Textures         OpenImage           Average[0m
[[36m2025-01-24 22:16:32[0m][[94mGalLoP[0m][[32mINFO[0m] - *   76.165 / 68.151&  86.961 / 64.979&  18.090 / 96.064&  19.580 / 95.801&  29.720 / 92.088&  43.209 / 89.668&  33.008 / 92.599&   43.819 / 85.621[0m
[[36m2025-01-24 22:24:06[0m][[94mGalLoP[0m][[32mINFO[0m] -  * loss: 4.069 top1: 62.475 top1_global: 62.688 top1_local: 47.369[0m
[[36m2025-01-24 22:31:46[0m][[94mGalLoP[0m][[32mINFO[0m] -  * loss: 4.513 top1: 61.669 top1_global: 62.487 top1_local: 40.663[0m
[[36m2025-01-24 22:39:28[0m][[94mGalLoP[0m][[32mINFO[0m] -  * loss: 4.477 top1: 61.781 top1_global: 62.438 top1_local: 41.119[0m
[[36m2025-01-24 22:47:11[0m][[94mGalLoP[0m][[32mINFO[0m] -  * loss: 4.343 top1: 62.550 top1_global: 62.788 top1_local: 42.112[0m
[[36m2025-01-24 22:54:54[0m][[94mGalLoP[0m][[32mINFO[0m] -  * loss: 4.284 top1: 62.769 top1_global: 62.706 top1_local: 43.544[0m
[[36m2025-01-24 22:54:54[0m][[94mGalLoP[0m][[32mINFO[0m] - Evaluation[0m
[[36m2025-01-24 22:57:28[0m][[94mGalLoP[0m][[32mINFO[0m] - Evaluation metrics:  * top1: 69.160 top1_global: 71.416 top1_local: 42.182[0m
[[36m2025-01-24 23:02:34[0m][[94mGalLoP[0m][[32mINFO[0m] - OOD Evaluation metrics with temperature scale 1.0 (FPR95 / AUROC): [0m
[[36m2025-01-24 23:02:34[0m][[94mGalLoP[0m][[32mINFO[0m] - *** =============[0m
[[36m2025-01-24 23:02:34[0m][[94mGalLoP[0m][[32mINFO[0m] - *           Ninco          SSB-Hard       iNaturalist               SUN            Places          Textures         OpenImage           Average[0m
[[36m2025-01-24 23:02:34[0m][[94mGalLoP[0m][[32mINFO[0m] - *   74.617 / 71.653&  86.896 / 66.539&  15.490 / 96.761&  19.750 / 95.582&  29.010 / 92.331&  40.089 / 90.784&  31.295 / 93.408&   42.450 / 86.723[0m
[[36m2025-01-24 23:10:19[0m][[94mGalLoP[0m][[32mINFO[0m] -  * loss: 4.220 top1: 63.112 top1_global: 63.112 top1_local: 44.550[0m
[[36m2025-01-24 23:18:05[0m][[94mGalLoP[0m][[32mINFO[0m] -  * loss: 4.146 top1: 63.275 top1_global: 62.950 top1_local: 45.175[0m
[[36m2025-01-24 23:25:52[0m][[94mGalLoP[0m][[32mINFO[0m] -  * loss: 4.019 top1: 63.919 top1_global: 63.163 top1_local: 47.219[0m
[[36m2025-01-24 23:33:39[0m][[94mGalLoP[0m][[32mINFO[0m] -  * loss: 3.951 top1: 64.006 top1_global: 63.256 top1_local: 47.769[0m
[[36m2025-01-24 23:41:28[0m][[94mGalLoP[0m][[32mINFO[0m] -  * loss: 3.905 top1: 64.275 top1_global: 62.969 top1_local: 48.656[0m
[[36m2025-01-24 23:41:28[0m][[94mGalLoP[0m][[32mINFO[0m] - Evaluation[0m
[[36m2025-01-24 23:44:03[0m][[94mGalLoP[0m][[32mINFO[0m] - Evaluation metrics:  * top1: 69.553 top1_global: 71.644 top1_local: 46.138[0m
[[36m2025-01-24 23:49:11[0m][[94mGalLoP[0m][[32mINFO[0m] - OOD Evaluation metrics with temperature scale 1.0 (FPR95 / AUROC): [0m
[[36m2025-01-24 23:49:11[0m][[94mGalLoP[0m][[32mINFO[0m] - *** =============[0m
[[36m2025-01-24 23:49:11[0m][[94mGalLoP[0m][[32mINFO[0m] - *           Ninco          SSB-Hard       iNaturalist               SUN            Places          Textures         OpenImage           Average[0m
[[36m2025-01-24 23:49:11[0m][[94mGalLoP[0m][[32mINFO[0m] - *   75.485 / 72.003&  87.214 / 66.151&  15.150 / 96.884&  19.450 / 95.669&  28.310 / 92.458&  39.628 / 91.021&  31.477 / 93.354&   42.388 / 86.791[0m
[[36m2025-01-24 23:56:58[0m][[94mGalLoP[0m][[32mINFO[0m] -  * loss: 3.905 top1: 64.331 top1_global: 62.881 top1_local: 48.413[0m
[[36m2025-01-25 00:04:47[0m][[94mGalLoP[0m][[32mINFO[0m] -  * loss: 3.853 top1: 64.537 top1_global: 63.163 top1_local: 48.731[0m
[[36m2025-01-25 00:12:35[0m][[94mGalLoP[0m][[32mINFO[0m] -  * loss: 3.872 top1: 64.981 top1_global: 63.394 top1_local: 48.956[0m
[[36m2025-01-25 00:20:23[0m][[94mGalLoP[0m][[32mINFO[0m] -  * loss: 3.814 top1: 64.975 top1_global: 63.219 top1_local: 49.938[0m
[[36m2025-01-25 00:28:12[0m][[94mGalLoP[0m][[32mINFO[0m] -  * loss: 3.802 top1: 65.500 top1_global: 63.081 top1_local: 50.500[0m
[[36m2025-01-25 00:28:12[0m][[94mGalLoP[0m][[32mINFO[0m] - Evaluation[0m
[[36m2025-01-25 00:30:46[0m][[94mGalLoP[0m][[32mINFO[0m] - Evaluation metrics:  * top1: 69.716 top1_global: 71.640 top1_local: 46.520[0m
[[36m2025-01-25 00:35:54[0m][[94mGalLoP[0m][[32mINFO[0m] - OOD Evaluation metrics with temperature scale 1.0 (FPR95 / AUROC): [0m
[[36m2025-01-25 00:35:54[0m][[94mGalLoP[0m][[32mINFO[0m] - *** =============[0m
[[36m2025-01-25 00:35:54[0m][[94mGalLoP[0m][[32mINFO[0m] - *           Ninco          SSB-Hard       iNaturalist               SUN            Places          Textures         OpenImage           Average[0m
[[36m2025-01-25 00:35:54[0m][[94mGalLoP[0m][[32mINFO[0m] - *   75.587 / 71.910&  87.639 / 64.733&  16.660 / 96.561&  20.190 / 95.461&  29.380 / 92.117&  40.887 / 90.421&  33.269 / 92.971&   43.373 / 86.311[0m
[[36m2025-01-25 00:43:43[0m][[94mGalLoP[0m][[32mINFO[0m] -  * loss: 3.705 top1: 65.800 top1_global: 63.556 top1_local: 51.100[0m
[[36m2025-01-25 00:51:32[0m][[94mGalLoP[0m][[32mINFO[0m] -  * loss: 3.673 top1: 65.894 top1_global: 63.275 top1_local: 52.581[0m
[[36m2025-01-25 00:59:21[0m][[94mGalLoP[0m][[32mINFO[0m] -  * loss: 3.653 top1: 66.037 top1_global: 63.337 top1_local: 53.306[0m
[[36m2025-01-25 01:07:10[0m][[94mGalLoP[0m][[32mINFO[0m] -  * loss: 3.682 top1: 66.625 top1_global: 63.919 top1_local: 52.119[0m
[[36m2025-01-25 01:15:00[0m][[94mGalLoP[0m][[32mINFO[0m] -  * loss: 3.581 top1: 67.412 top1_global: 64.463 top1_local: 53.506[0m
[[36m2025-01-25 01:15:00[0m][[94mGalLoP[0m][[32mINFO[0m] - Evaluation[0m
[[36m2025-01-25 01:17:37[0m][[94mGalLoP[0m][[32mINFO[0m] - Evaluation metrics:  * top1: 70.004 top1_global: 71.622 top1_local: 48.833[0m
[[36m2025-01-25 01:22:46[0m][[94mGalLoP[0m][[32mINFO[0m] - OOD Evaluation metrics with temperature scale 1.0 (FPR95 / AUROC): [0m
[[36m2025-01-25 01:22:46[0m][[94mGalLoP[0m][[32mINFO[0m] - *** =============[0m
[[36m2025-01-25 01:22:46[0m][[94mGalLoP[0m][[32mINFO[0m] - *           Ninco          SSB-Hard       iNaturalist               SUN            Places          Textures         OpenImage           Average[0m
[[36m2025-01-25 01:22:46[0m][[94mGalLoP[0m][[32mINFO[0m] - *   75.315 / 73.535&  87.214 / 65.443&  15.460 / 96.860&  20.150 / 95.398&  29.230 / 92.229&  41.223 / 90.736&  33.042 / 93.148&   43.091 / 86.764[0m
[[36m2025-01-25 01:30:36[0m][[94mGalLoP[0m][[32mINFO[0m] -  * loss: 3.513 top1: 67.150 top1_global: 63.606 top1_local: 55.450[0m
[[36m2025-01-25 01:38:26[0m][[94mGalLoP[0m][[32mINFO[0m] -  * loss: 3.505 top1: 66.600 top1_global: 63.469 top1_local: 54.944[0m
[[36m2025-01-25 01:46:16[0m][[94mGalLoP[0m][[32mINFO[0m] -  * loss: 3.472 top1: 67.231 top1_global: 63.925 top1_local: 55.656[0m
[[36m2025-01-25 01:54:10[0m][[94mGalLoP[0m][[32mINFO[0m] -  * loss: 3.436 top1: 67.681 top1_global: 63.644 top1_local: 56.263[0m
[[36m2025-01-25 02:02:01[0m][[94mGalLoP[0m][[32mINFO[0m] -  * loss: 3.433 top1: 67.606 top1_global: 63.756 top1_local: 56.744[0m
[[36m2025-01-25 02:02:01[0m][[94mGalLoP[0m][[32mINFO[0m] - Evaluation[0m
[[36m2025-01-25 02:04:37[0m][[94mGalLoP[0m][[32mINFO[0m] - Evaluation metrics:  * top1: 70.462 top1_global: 71.689 top1_local: 51.300[0m
[[36m2025-01-25 02:09:48[0m][[94mGalLoP[0m][[32mINFO[0m] - OOD Evaluation metrics with temperature scale 1.0 (FPR95 / AUROC): [0m
[[36m2025-01-25 02:09:48[0m][[94mGalLoP[0m][[32mINFO[0m] - *** =============[0m
[[36m2025-01-25 02:09:48[0m][[94mGalLoP[0m][[32mINFO[0m] - *           Ninco          SSB-Hard       iNaturalist               SUN            Places          Textures         OpenImage           Average[0m
[[36m2025-01-25 02:09:48[0m][[94mGalLoP[0m][[32mINFO[0m] - *   74.056 / 73.975&  86.124 / 66.814&  12.380 / 97.334&  20.470 / 95.307&  28.790 / 92.244&  39.645 / 90.906&  31.596 / 93.268&   41.866 / 87.121[0m
[[36m2025-01-25 02:17:39[0m][[94mGalLoP[0m][[32mINFO[0m] -  * loss: 3.388 top1: 68.037 top1_global: 64.056 top1_local: 57.169[0m
[[36m2025-01-25 02:25:32[0m][[94mGalLoP[0m][[32mINFO[0m] -  * loss: 3.417 top1: 67.706 top1_global: 63.900 top1_local: 56.781[0m
[[36m2025-01-25 02:33:23[0m][[94mGalLoP[0m][[32mINFO[0m] -  * loss: 3.414 top1: 68.169 top1_global: 63.425 top1_local: 57.119[0m
[[36m2025-01-25 02:41:15[0m][[94mGalLoP[0m][[32mINFO[0m] -  * loss: 3.333 top1: 68.256 top1_global: 63.944 top1_local: 57.675[0m
[[36m2025-01-25 02:49:07[0m][[94mGalLoP[0m][[32mINFO[0m] -  * loss: 3.367 top1: 68.562 top1_global: 64.250 top1_local: 58.056[0m
[[36m2025-01-25 02:49:07[0m][[94mGalLoP[0m][[32mINFO[0m] - Evaluation[0m
[[36m2025-01-25 02:51:46[0m][[94mGalLoP[0m][[32mINFO[0m] - Evaluation metrics:  * top1: 70.338 top1_global: 71.818 top1_local: 52.104[0m
[[36m2025-01-25 02:56:58[0m][[94mGalLoP[0m][[32mINFO[0m] - OOD Evaluation metrics with temperature scale 1.0 (FPR95 / AUROC): [0m
[[36m2025-01-25 02:56:58[0m][[94mGalLoP[0m][[32mINFO[0m] - *** =============[0m
[[36m2025-01-25 02:56:58[0m][[94mGalLoP[0m][[32mINFO[0m] - *           Ninco          SSB-Hard       iNaturalist               SUN            Places          Textures         OpenImage           Average[0m
[[36m2025-01-25 02:56:58[0m][[94mGalLoP[0m][[32mINFO[0m] - *   74.906 / 73.426&  87.080 / 65.666&  14.640 / 96.960&  21.160 / 95.057&  29.540 / 92.111&  39.858 / 90.606&  32.985 / 93.014&   42.881 / 86.691[0m
[[36m2025-01-25 03:04:49[0m][[94mGalLoP[0m][[32mINFO[0m] -  * loss: 3.347 top1: 68.394 top1_global: 63.750 top1_local: 58.750[0m
[[36m2025-01-25 03:12:42[0m][[94mGalLoP[0m][[32mINFO[0m] -  * loss: 3.325 top1: 68.600 top1_global: 63.938 top1_local: 58.881[0m
[[36m2025-01-25 03:20:35[0m][[94mGalLoP[0m][[32mINFO[0m] -  * loss: 3.294 top1: 69.400 top1_global: 64.356 top1_local: 58.712[0m
[[36m2025-01-25 03:28:28[0m][[94mGalLoP[0m][[32mINFO[0m] -  * loss: 3.306 top1: 69.275 top1_global: 64.375 top1_local: 59.094[0m
[[36m2025-01-25 03:36:23[0m][[94mGalLoP[0m][[32mINFO[0m] -  * loss: 3.319 top1: 68.956 top1_global: 64.094 top1_local: 58.800[0m
[[36m2025-01-25 03:36:23[0m][[94mGalLoP[0m][[32mINFO[0m] - Evaluation[0m
[[36m2025-01-25 03:39:01[0m][[94mGalLoP[0m][[32mINFO[0m] - Evaluation metrics:  * top1: 70.362 top1_global: 71.800 top1_local: 51.056[0m
[[36m2025-01-25 03:44:12[0m][[94mGalLoP[0m][[32mINFO[0m] - OOD Evaluation metrics with temperature scale 1.0 (FPR95 / AUROC): [0m
[[36m2025-01-25 03:44:12[0m][[94mGalLoP[0m][[32mINFO[0m] - *** =============[0m
[[36m2025-01-25 03:44:12[0m][[94mGalLoP[0m][[32mINFO[0m] - *           Ninco          SSB-Hard       iNaturalist               SUN            Places          Textures         OpenImage           Average[0m
[[36m2025-01-25 03:44:12[0m][[94mGalLoP[0m][[32mINFO[0m] - *   74.651 / 73.615&  86.055 / 66.282&  15.000 / 96.888&  21.240 / 95.130&  29.480 / 92.147&  40.762 / 90.353&  33.156 / 92.887&   42.906 / 86.757[0m
[[36m2025-01-25 03:52:04[0m][[94mGalLoP[0m][[32mINFO[0m] -  * loss: 3.278 top1: 69.463 top1_global: 64.537 top1_local: 59.562[0m
[[36m2025-01-25 03:59:56[0m][[94mGalLoP[0m][[32mINFO[0m] -  * loss: 3.325 top1: 69.019 top1_global: 64.000 top1_local: 58.913[0m
[[36m2025-01-25 04:07:48[0m][[94mGalLoP[0m][[32mINFO[0m] -  * loss: 3.303 top1: 69.112 top1_global: 63.850 top1_local: 59.056[0m
[[36m2025-01-25 04:15:38[0m][[94mGalLoP[0m][[32mINFO[0m] -  * loss: 3.288 top1: 69.275 top1_global: 64.306 top1_local: 59.419[0m
[[36m2025-01-25 04:23:30[0m][[94mGalLoP[0m][[32mINFO[0m] -  * loss: 3.304 top1: 68.737 top1_global: 64.269 top1_local: 59.500[0m
[[36m2025-01-25 04:23:30[0m][[94mGalLoP[0m][[32mINFO[0m] - Evaluation[0m
[[36m2025-01-25 04:26:05[0m][[94mGalLoP[0m][[32mINFO[0m] - Evaluation metrics:  * top1: 70.238 top1_global: 71.884 top1_local: 50.807[0m
[[36m2025-01-25 04:31:13[0m][[94mGalLoP[0m][[32mINFO[0m] - OOD Evaluation metrics with temperature scale 1.0 (FPR95 / AUROC): [0m
[[36m2025-01-25 04:31:13[0m][[94mGalLoP[0m][[32mINFO[0m] - *** =============[0m
[[36m2025-01-25 04:31:13[0m][[94mGalLoP[0m][[32mINFO[0m] - *           Ninco          SSB-Hard       iNaturalist               SUN            Places          Textures         OpenImage           Average[0m
[[36m2025-01-25 04:31:13[0m][[94mGalLoP[0m][[32mINFO[0m] - *   75.281 / 73.162&  86.769 / 65.742&  16.660 / 96.606&  21.970 / 94.942&  30.080 / 91.955&  40.284 / 90.447&  34.052 / 92.722&   43.585 / 86.511[0m
[[36m2025-01-25 04:39:04[0m][[94mGalLoP[0m][[32mINFO[0m] -  * loss: 3.234 top1: 69.844 top1_global: 64.963 top1_local: 60.106[0m
[[36m2025-01-25 04:46:54[0m][[94mGalLoP[0m][[32mINFO[0m] -  * loss: 3.286 top1: 69.006 top1_global: 63.812 top1_local: 59.481[0m
[[36m2025-01-25 04:54:45[0m][[94mGalLoP[0m][[32mINFO[0m] -  * loss: 3.303 top1: 68.912 top1_global: 63.763 top1_local: 59.056[0m
[[36m2025-01-25 05:02:35[0m][[94mGalLoP[0m][[32mINFO[0m] -  * loss: 3.258 top1: 69.044 top1_global: 64.044 top1_local: 59.781[0m
[[36m2025-01-25 05:02:35[0m][[94mGalLoP[0m][[32mINFO[0m] - Evaluation[0m
[[36m2025-01-25 05:05:18[0m][[94mGalLoP[0m][[32mINFO[0m] - Evaluation metrics:  * top1: 70.271 top1_global: 71.887 top1_local: 50.438[0m
