[[36m2025-01-20 17:55:10[0m][[94mGalLoP[0m][[32mINFO[0m] - Setting the seed to 1[0m
[[36m2025-01-20 17:55:10[0m][[94mGalLoP[0m][[32mINFO[0m] - Running experiment imagenet_shot_16[0m
[[36m2025-01-20 17:55:14[0m][[94mGalLoP[0m][[32mINFO[0m] - Using template: A photo of a <class_name>[0m
[[36m2025-01-20 17:55:19[0m][[94mGalLoP[0m][[33mWARNING[0m] - Missing keys in CLIP: ['global_prompt', 'local_prompts', 'local_proj.linear.weight'][0m
[[36m2025-01-20 17:55:19[0m][[94mGalLoP[0m][[32mINFO[0m] - global_prompt added to params_group[0m
[[36m2025-01-20 17:55:19[0m][[94mGalLoP[0m][[32mINFO[0m] - local_prompts added to params_group[0m
[[36m2025-01-20 17:55:19[0m][[94mGalLoP[0m][[32mINFO[0m] - local_proj.linear.weight added to params_group[0m
[[36m2025-01-20 17:59:59[0m][[94mGalLoP[0m][[32mINFO[0m] -  * loss: 4.039 top1: 59.487 top1_global: 60.962 top1_local: 47.281[0m
[[36m2025-01-20 18:04:39[0m][[94mGalLoP[0m][[32mINFO[0m] -  * loss: 3.496 top1: 61.888 top1_global: 61.763 top1_local: 54.475[0m
[[36m2025-01-20 18:09:19[0m][[94mGalLoP[0m][[32mINFO[0m] -  * loss: 3.389 top1: 62.538 top1_global: 61.712 top1_local: 56.375[0m
[[36m2025-01-20 18:13:58[0m][[94mGalLoP[0m][[32mINFO[0m] -  * loss: 3.264 top1: 63.594 top1_global: 62.300 top1_local: 58.844[0m
[[36m2025-01-20 18:18:37[0m][[94mGalLoP[0m][[32mINFO[0m] -  * loss: 3.219 top1: 64.019 top1_global: 62.394 top1_local: 59.375[0m
[[36m2025-01-20 18:23:17[0m][[94mGalLoP[0m][[32mINFO[0m] -  * loss: 3.184 top1: 64.581 top1_global: 62.362 top1_local: 60.681[0m
[[36m2025-01-20 18:27:57[0m][[94mGalLoP[0m][[32mINFO[0m] -  * loss: 3.125 top1: 65.269 top1_global: 62.631 top1_local: 61.325[0m
[[36m2025-01-20 18:32:36[0m][[94mGalLoP[0m][[32mINFO[0m] -  * loss: 3.085 top1: 65.575 top1_global: 62.781 top1_local: 61.906[0m
[[36m2025-01-20 18:37:16[0m][[94mGalLoP[0m][[32mINFO[0m] -  * loss: 3.043 top1: 65.794 top1_global: 62.756 top1_local: 62.369[0m
[[36m2025-01-20 18:41:56[0m][[94mGalLoP[0m][[32mINFO[0m] -  * loss: 3.010 top1: 66.287 top1_global: 62.669 top1_local: 63.438[0m
[[36m2025-01-20 18:46:35[0m][[94mGalLoP[0m][[32mINFO[0m] -  * loss: 2.976 top1: 67.006 top1_global: 62.831 top1_local: 64.019[0m
[[36m2025-01-20 18:46:35[0m][[94mGalLoP[0m][[32mINFO[0m] - Evaluation[0m
[[36m2025-01-20 18:47:27[0m][[94mGalLoP[0m][[32mINFO[0m] - Evaluation metrics:  * top1: 73.656 top1_global: 71.380 top1_local: 68.773[0m
[[36m2025-01-20 18:52:07[0m][[94mGalLoP[0m][[32mINFO[0m] -  * loss: 2.972 top1: 66.744 top1_global: 62.763 top1_local: 64.356[0m
[[36m2025-01-20 18:56:46[0m][[94mGalLoP[0m][[32mINFO[0m] -  * loss: 2.962 top1: 66.981 top1_global: 62.631 top1_local: 65.013[0m
[[36m2025-01-20 19:01:26[0m][[94mGalLoP[0m][[32mINFO[0m] -  * loss: 2.908 top1: 67.675 top1_global: 62.975 top1_local: 65.463[0m
[[36m2025-01-20 19:06:05[0m][[94mGalLoP[0m][[32mINFO[0m] -  * loss: 2.896 top1: 67.812 top1_global: 62.756 top1_local: 66.156[0m
[[36m2025-01-20 19:10:45[0m][[94mGalLoP[0m][[32mINFO[0m] -  * loss: 2.803 top1: 68.619 top1_global: 64.225 top1_local: 67.037[0m
[[36m2025-01-20 19:15:24[0m][[94mGalLoP[0m][[32mINFO[0m] -  * loss: 2.870 top1: 68.075 top1_global: 62.831 top1_local: 66.744[0m
[[36m2025-01-20 19:20:04[0m][[94mGalLoP[0m][[32mINFO[0m] -  * loss: 2.814 top1: 68.656 top1_global: 63.025 top1_local: 67.594[0m
[[36m2025-01-20 19:24:43[0m][[94mGalLoP[0m][[32mINFO[0m] -  * loss: 2.778 top1: 69.394 top1_global: 63.625 top1_local: 67.975[0m
[[36m2025-01-20 19:29:23[0m][[94mGalLoP[0m][[32mINFO[0m] -  * loss: 2.816 top1: 68.919 top1_global: 63.331 top1_local: 67.894[0m
[[36m2025-01-20 19:34:02[0m][[94mGalLoP[0m][[32mINFO[0m] -  * loss: 2.749 top1: 69.950 top1_global: 63.931 top1_local: 69.056[0m
[[36m2025-01-20 19:34:02[0m][[94mGalLoP[0m][[32mINFO[0m] - Evaluation[0m
[[36m2025-01-20 19:34:52[0m][[94mGalLoP[0m][[32mINFO[0m] - Evaluation metrics:  * top1: 74.322 top1_global: 71.649 top1_local: 69.707[0m
[[36m2025-01-20 19:39:31[0m][[94mGalLoP[0m][[32mINFO[0m] -  * loss: 2.764 top1: 69.569 top1_global: 63.306 top1_local: 68.769[0m
[[36m2025-01-20 19:44:11[0m][[94mGalLoP[0m][[32mINFO[0m] -  * loss: 2.735 top1: 69.750 top1_global: 63.531 top1_local: 68.894[0m
[[36m2025-01-20 19:48:51[0m][[94mGalLoP[0m][[32mINFO[0m] -  * loss: 2.741 top1: 70.037 top1_global: 63.225 top1_local: 69.631[0m
[[36m2025-01-20 19:53:30[0m][[94mGalLoP[0m][[32mINFO[0m] -  * loss: 2.733 top1: 69.894 top1_global: 63.494 top1_local: 69.787[0m
[[36m2025-01-20 19:58:10[0m][[94mGalLoP[0m][[32mINFO[0m] -  * loss: 2.738 top1: 70.094 top1_global: 63.681 top1_local: 69.744[0m
[[36m2025-01-20 20:02:49[0m][[94mGalLoP[0m][[32mINFO[0m] -  * loss: 2.679 top1: 70.938 top1_global: 63.987 top1_local: 70.713[0m
[[36m2025-01-20 20:07:29[0m][[94mGalLoP[0m][[32mINFO[0m] -  * loss: 2.679 top1: 70.950 top1_global: 63.763 top1_local: 70.750[0m
[[36m2025-01-20 20:12:09[0m][[94mGalLoP[0m][[32mINFO[0m] -  * loss: 2.661 top1: 70.731 top1_global: 63.700 top1_local: 70.862[0m
[[36m2025-01-20 20:16:48[0m][[94mGalLoP[0m][[32mINFO[0m] -  * loss: 2.678 top1: 70.669 top1_global: 63.594 top1_local: 71.131[0m
[[36m2025-01-20 20:21:28[0m][[94mGalLoP[0m][[32mINFO[0m] -  * loss: 2.657 top1: 70.819 top1_global: 63.794 top1_local: 71.362[0m
[[36m2025-01-20 20:21:28[0m][[94mGalLoP[0m][[32mINFO[0m] - Evaluation[0m
[[36m2025-01-20 20:22:18[0m][[94mGalLoP[0m][[32mINFO[0m] - Evaluation metrics:  * top1: 74.813 top1_global: 71.958 top1_local: 70.493[0m
[[36m2025-01-20 20:26:57[0m][[94mGalLoP[0m][[32mINFO[0m] -  * loss: 2.641 top1: 71.100 top1_global: 63.388 top1_local: 71.763[0m
[[36m2025-01-20 20:31:37[0m][[94mGalLoP[0m][[32mINFO[0m] -  * loss: 2.641 top1: 71.269 top1_global: 63.419 top1_local: 71.925[0m
[[36m2025-01-20 20:36:16[0m][[94mGalLoP[0m][[32mINFO[0m] -  * loss: 2.598 top1: 71.638 top1_global: 64.013 top1_local: 72.225[0m
[[36m2025-01-20 20:40:56[0m][[94mGalLoP[0m][[32mINFO[0m] -  * loss: 2.593 top1: 71.275 top1_global: 63.850 top1_local: 72.669[0m
[[36m2025-01-20 20:45:35[0m][[94mGalLoP[0m][[32mINFO[0m] -  * loss: 2.627 top1: 71.356 top1_global: 63.600 top1_local: 72.081[0m
[[36m2025-01-20 20:50:15[0m][[94mGalLoP[0m][[32mINFO[0m] -  * loss: 2.585 top1: 72.125 top1_global: 64.100 top1_local: 73.075[0m
[[36m2025-01-20 20:54:54[0m][[94mGalLoP[0m][[32mINFO[0m] -  * loss: 2.578 top1: 72.062 top1_global: 64.287 top1_local: 73.500[0m
[[36m2025-01-20 20:59:34[0m][[94mGalLoP[0m][[32mINFO[0m] -  * loss: 2.578 top1: 72.406 top1_global: 63.862 top1_local: 73.556[0m
[[36m2025-01-20 21:04:13[0m][[94mGalLoP[0m][[32mINFO[0m] -  * loss: 2.552 top1: 72.263 top1_global: 64.319 top1_local: 73.856[0m
[[36m2025-01-20 21:08:53[0m][[94mGalLoP[0m][[32mINFO[0m] -  * loss: 2.585 top1: 71.919 top1_global: 63.706 top1_local: 73.131[0m
[[36m2025-01-20 21:08:53[0m][[94mGalLoP[0m][[32mINFO[0m] - Evaluation[0m
[[36m2025-01-20 21:09:42[0m][[94mGalLoP[0m][[32mINFO[0m] - Evaluation metrics:  * top1: 75.091 top1_global: 72.038 top1_local: 71.127[0m
[[36m2025-01-20 21:14:22[0m][[94mGalLoP[0m][[32mINFO[0m] -  * loss: 2.514 top1: 72.787 top1_global: 64.850 top1_local: 74.162[0m
[[36m2025-01-20 21:19:02[0m][[94mGalLoP[0m][[32mINFO[0m] -  * loss: 2.535 top1: 71.950 top1_global: 63.862 top1_local: 73.894[0m
[[36m2025-01-20 21:23:41[0m][[94mGalLoP[0m][[32mINFO[0m] -  * loss: 2.530 top1: 72.525 top1_global: 64.013 top1_local: 74.237[0m
[[36m2025-01-20 21:28:21[0m][[94mGalLoP[0m][[32mINFO[0m] -  * loss: 2.493 top1: 72.725 top1_global: 64.875 top1_local: 74.556[0m
[[36m2025-01-20 21:33:00[0m][[94mGalLoP[0m][[32mINFO[0m] -  * loss: 2.537 top1: 72.625 top1_global: 64.069 top1_local: 74.269[0m
[[36m2025-01-20 21:37:40[0m][[94mGalLoP[0m][[32mINFO[0m] -  * loss: 2.505 top1: 72.675 top1_global: 64.463 top1_local: 74.219[0m
[[36m2025-01-20 21:42:20[0m][[94mGalLoP[0m][[32mINFO[0m] -  * loss: 2.516 top1: 72.650 top1_global: 64.281 top1_local: 74.338[0m
[[36m2025-01-20 21:46:59[0m][[94mGalLoP[0m][[32mINFO[0m] -  * loss: 2.540 top1: 72.569 top1_global: 64.094 top1_local: 74.138[0m
[[36m2025-01-20 21:51:39[0m][[94mGalLoP[0m][[32mINFO[0m] -  * loss: 2.430 top1: 73.050 top1_global: 64.513 top1_local: 75.175[0m
[[36m2025-01-20 21:51:39[0m][[94mGalLoP[0m][[32mINFO[0m] - Evaluation[0m
[[36m2025-01-20 21:52:35[0m][[94mGalLoP[0m][[32mINFO[0m] - Evaluation metrics:  * top1: 75.138 top1_global: 72.053 top1_local: 71.376[0m
[[36m2025-01-20 21:55:04[0m][[94mGalLoP[0m][[32mINFO[0m] - OOD Evaluation metrics with temperature scale 1.0 (FPR95 / AUROC): [0m
[[36m2025-01-20 21:55:04[0m][[94mGalLoP[0m][[32mINFO[0m] - *** =============[0m
[[36m2025-01-20 21:55:04[0m][[94mGalLoP[0m][[32mINFO[0m] - *           Ninco          SSB-Hard       iNaturalist               SUN            Places          Textures         OpenImage           Average[0m
[[36m2025-01-20 21:55:04[0m][[94mGalLoP[0m][[32mINFO[0m] - *   69.190 / 77.457&  82.584 / 70.094&  12.660 / 97.489&  21.230 / 94.958&  29.180 / 92.365&  38.050 / 90.581&  27.955 / 94.175&   40.121 / 88.160[0m
